<?xml version="1.0" encoding="UTF-8"?>
<!-- Generated by org.testng.reporters.JUnitXMLReporter -->
<testsuite ignored="3" hostname="Upendra" failures="0" tests="2" name="Automation" time="34.384" errors="0" timestamp="2023-12-28T16:46:41 IST">
  <testcase classname="browser.launchBrowsering" name="verifychromeBrowserLacuching" time="5.061"/>
  <testcase classname="testScripts.HomePageTests" name="verifyThatGiftCardLink" time="25.118"/>
  <testcase classname="com.providio.testcases.baseClass" name="@BeforeSuite setUpforReport" time="0.0">
    <ignored/>
  </testcase> <!-- @BeforeSuite setUpforReport -->
  <testcase classname="com.providio.testcases.baseClass" name="@AfterSuite tearDown" time="0.0">
    <ignored/>
  </testcase> <!-- @AfterSuite tearDown -->
  <testcase classname="testScripts.HomePageTests" name="verifyThatMegaMenuSelectionInHeaderSection" time="0.0">
    <ignored/>
  </testcase> <!-- verifyThatMegaMenuSelectionInHeaderSection -->
</testsuite> <!-- Automation -->
