<?xml version="1.0" encoding="UTF-8"?>
<!-- Generated by org.testng.reporters.JUnitXMLReporter -->
<testsuite ignored="4" hostname="DESKTOP-P9MM3AH" failures="0" tests="3" name="Default test" time="3097.858" errors="0" timestamp="2024-03-20T12:04:01 IST">
  <testcase classname="browser.Practice" name="practivelaunching" time="5.163"/>
  <testcase classname="testScripts.loginPageTest" name="VerifyingLoginWithValidCredentials" time="30.89"/>
  <testcase classname="testScripts.checkOrderSummerieswithStoreFront" name="VerifyingOrderSummeriesWithStoreFornt" time="3061.674"/>
  <testcase classname="baseClass.baseClass" name="@BeforeSuite setUpforReport" time="0.0">
    <ignored/>
  </testcase> <!-- @BeforeSuite setUpforReport -->
  <testcase classname="baseClass.baseClass" name="@AfterSuite tearDown" time="0.0">
    <ignored/>
  </testcase> <!-- @AfterSuite tearDown -->
  <testcase classname="baseClass.baseClass" name="@AfterSuite tearDown" time="0.0">
    <ignored/>
  </testcase> <!-- @AfterSuite tearDown -->
  <testcase classname="baseClass.baseClass" name="@BeforeSuite setUpforReport" time="0.0">
    <ignored/>
  </testcase> <!-- @BeforeSuite setUpforReport -->
</testsuite> <!-- Default test -->
