<?xml version="1.0" encoding="UTF-8"?>
<!-- Generated by org.testng.reporters.JUnitXMLReporter -->
<testsuite ignored="90" hostname="DESKTOP-P9MM3AH" failures="16" tests="414" name="Providio Regression Test" time="13208.977" errors="0" timestamp="2024-02-28T22:00:13 IST">
  <testcase classname="browser.launchBrowsering" name="VerifingHomePageLaunching" time="8.105"/>
  <testcase classname="testScripts.CreateAccountPageTest" name="VerifingCreateAccountLinkInLoginPage" time="13.682"/>
  <testcase classname="testScripts.CreateAccountPageTest" name="VerifingEmptyFormInCreateAccountPage" time="9.328"/>
  <testcase classname="testScripts.CreateAccountPageTest" name="VerifyingErrorMessagesEnterFNameInCreatingAcc" time="12.639"/>
  <testcase classname="testScripts.CreateAccountPageTest" name="VerifyingErrorMessagesEnter_FName_LNameInCreatingAcc" time="16.772"/>
  <testcase classname="testScripts.CreateAccountPageTest" name="VerifyingErrorMessagesEnter_FName_LName_PhoneInCreatingAcc" time="17.966"/>
  <testcase classname="testScripts.CreateAccountPageTest" name="VerifyingErrorMessagesEnter_FName_LName_Phone_EmailInCreatingAcc" time="19.199"/>
  <testcase classname="testScripts.CreateAccountPageTest" name="VerifyingErrorMessagesEnter_FName_LName_Phone_Email_CEmailInCreatingAcc" time="20.359"/>
  <testcase classname="testScripts.CreateAccountPageTest" name="VerifyingErrorMessagesEnter_FName_LName_Phone_Email_CEmail_PWDsInCreatingAcc" time="21.523"/>
  <testcase classname="testScripts.CreateAccountPageTest" name="VerifyingErrorMessageInvalidPhoneNumberInCreatingAccountPage" time="17.655"/>
  <testcase classname="testScripts.CreateAccountPageTest" name="VerifyingErrorMessageInvalidEmailInCreatingAccountPage" time="17.612"/>
  <testcase classname="testScripts.CreateAccountPageTest" name="VerifyingErrorMessageMailAlreadyExistsInCreatingAccountPage" time="17.775"/>
  <testcase classname="testScripts.CreateAccountPageTest" name="VerifyingErrorMessageEMailMissMatchInCreatingAccountPage" time="17.861"/>
  <testcase classname="testScripts.CreateAccountPageTest" name="VerifyingErrorMessagePasswordMissMatchInCreatingAccountPage" time="17.562"/>
  <testcase classname="testScripts.CreateAccountPageTest" name="VerifyingErrorMessagePasswordStrengthInCreatingAccountPage" time="19.575"/>
  <testcase classname="testScripts.CreateAccountPageTest" name="VerifyingCrateAccountwithValidDetatisOnCreatingAccountPage" time="20.679"/>
  <testcase classname="testScripts.LoginPageTest" name="VerifyingLoginFailureWithEmptyEmailAndPassword" time="43.084"/>
  <testcase classname="testScripts.LoginPageTest" name="VerifyingLoginFailureWithIncorrectCredentials" time="11.641"/>
  <testcase classname="testScripts.LoginPageTest" name="VerifyingLoginFailureWithInvalidEmailFormat" time="7.579"/>
  <testcase classname="testScripts.LoginPageTest" name="VerifyingLoginFailureWithEmptyEmail" time="7.634"/>
  <testcase classname="testScripts.LoginPageTest" name="VerifyingLoginFailureWithEmptyPassword" time="7.566"/>
  <testcase classname="testScripts.LoginPageTest" name="VerifyingLoginWithValidCredentials" time="8.777"/>
  <testcase classname="testScripts.LogOutTest" name="verifyLogout" time="12.272"/>
  <testcase classname="testScripts.SearchFunctionalityTest" name="VerifyingTheClickOnSearchBar" time="12.28"/>
  <testcase classname="testScripts.SearchFunctionalityTest" name="VerifyingWhetherAbleToEnterTheDataInSearchBar" time="7.475"/>
  <testcase classname="testScripts.SearchFunctionalityTest" name="VerifyingWhetherUserAbleToSeeTheSuggestionsWhenThreeCharactersEnterInTheSearchBar" time="9.319"/>
  <testcase classname="testScripts.SearchFunctionalityTest" name="VerifyingWhetherTheErrorMessageOrSearchTipsAreDisplayingWhenUserClicksOnSearchIcon" time="7.297"/>
  <testcase classname="testScripts.SearchFunctionalityTest" name="VerifyingWhetherTheCharactersOrDataAreRemovedAfterClickingOnRemoveSymbol" time="8.334"/>
  <testcase classname="testScripts.SearchFunctionalityTest" name="VerifyingWhetherSearchedProductIsRedirectingToPDP_Page" time="21.822"/>
  <testcase classname="testScripts.SearchFunctionalityTest" name="VerifyingWhetherSearchedProductIsRedirectingToCategory_Page" time="23.284"/>
  <testcase classname="testScripts.HomePageTests" name="VerifingMegaMenuSelectionInHomePage" time="11.957"/>
  <testcase classname="testScripts.HomePageTests" name="VerifingMegaMenuCLPSelectionInHomePage" time="21.839"/>
  <testcase classname="testScripts.HomePageTests" name="VerifingWishListLinkInHomePage" time="9.803"/>
  <testcase classname="testScripts.HomePageTests" name="VerifingSignInLinkInHomePage" time="9.989"/>
  <testcase classname="testScripts.HomePageTests" name="VerifingMIniCartBtnClickInHomePage" time="74.249"/>
  <testcase classname="testScripts.ClpPageTests" name="VerifingClpPageLinkInHomepageforCLPpageView" time="21.986"/>
  <testcase classname="testScripts.ClpPageTests" name="VerifingClpPageAddToWishListINCLP" time="7.474"/>
  <testcase classname="testScripts.ClpPageTests" name="VerifingClpPageRemoveFromWishListINCLP" time="15.926"/>
  <testcase classname="testScripts.ClpPageTests" name="VerifingViewFullDetailsInQuickshopModal_CLP_InPLP" time="19.91"/>
  <testcase classname="testScripts.ClpPageTests" name="VerifingCloseBtnInQuickshopModal_CLP_InPLP" time="37.697"/>
  <testcase classname="testScripts.ClpPageTests" name="VerifingCustomInputQuantityInQuickshopModal_CLP_InPLP" time="21.059"/>
  <testcase classname="testScripts.ClpPageTests" name="VerifingAttributesInQuickshopModal_CLP_InPLP" time="59.444"/>
  <testcase classname="testScripts.ClpPageTests" name="VerifingAddtoCartInQuickshopModal_CLP_InPLP" time="59.483"/>
  <testcase classname="testScripts.ClpPageTests" name="VerifingClpPageProductLinkINCLP" time="9.728"/>
  <testcase classname="testScripts.FooterSectionTests" name="VerifingGiftCardLinkInFooter" time="12.939"/>
  <testcase classname="testScripts.ContactUsPageTests" name="VerifingContactUsFuncitonalityInContactUs" time="15.212"/>
  <testcase classname="testScripts.ProductListingPageTest" name="VerifingSortByFunctionalityInPLP" time="19.911"/>
  <testcase classname="testScripts.ProductListingPageTest" name="VerifingFiltersFunctionalityInPLP" time="5.174"/>
  <testcase classname="testScripts.ProductListingPageTest" name="VerifingResetFunctionalityInPLP" time="20.343"/>
  <testcase classname="testScripts.ProductListingPageTest" name="VerifingaddToWishListFunctionalityInPLP" time="9.283"/>
  <testcase classname="testScripts.ProductListingPageTest" name="VerifingRemoveFromWishListFunctionalityInPLP" time="22.912"/>
  <testcase classname="testScripts.ProductListingPageTest" name="VerifingBreadCrumbsFunctionalityInPLP" time="9.738"/>
  <testcase classname="testScripts.ProductListingPageTest" name="VerifingQuickshopBtnFunctionalityInPLP" time="30.956"/>
  <testcase classname="testScripts.ProductListingPageTest" name="VerifingAttributesInQuickshopModalInPLP" time="76.641"/>
  <testcase classname="testScripts.ProductListingPageTest" name="VerifingCustomInputQuantityInQuickshopModalInPLP" time="4.383"/>
  <testcase classname="testScripts.ProductListingPageTest" name="VerifingCloseBtnInQuickshopModalInPLP" time="5.264"/>
  <testcase classname="testScripts.ProductListingPageTest" name="VerifingViewFullDetailsInQuickshopModalInPLP" time="4.792"/>
  <testcase classname="testScripts.ProductListingPageTest" name="VerifingAddtoCartInQuickshopModalInPLP" time="62.449"/>
  <testcase classname="testScripts.ProductListingPageTest" name="VerifingProductLinkFunctionalityInPLP" time="13.754"/>
  <testcase classname="testScripts.ProductDetailPageTest" name="VerifingWishlistFunctionalityInPDP" time="6.35"/>
  <testcase classname="testScripts.ProductDetailPageTest" name="VerifingAttriubuteSelectionFunctionalityInPDP" time="29.319"/>
  <testcase classname="testScripts.ProductDetailPageTest" name="VerifingbreadCrumbsFunctionalityInPDP" time="9.077"/>
  <testcase classname="testScripts.ProductDetailPageTest" name="VerifingAddtoCartFunctionalityInPDP" time="61.632"/>
  <testcase classname="testScripts.ProductDetailPageTest" name="VerifingNextbuttonCaurosalFunctionalityInPDP" time="7.272"/>
  <testcase classname="testScripts.ProductDetailPageTest" name="VerifingCustomInputFunctionalityInPDP" time="4.315"/>
  <testcase classname="testScripts.ProductDetailPageTest" name="VerifingProductDetailsInPDP" time="0.048"/>
  <testcase classname="testScripts.ProductDetailPageTest" name="VerifingWithoutEnteringDetailsandSubmitTheReivewFormInPDP" time="2.073"/>
  <testcase classname="testScripts.ProductDetailPageTest" name="VerifingWithEnteringRatingandSubmitFormInPDP" time="2.107"/>
  <testcase classname="testScripts.ProductDetailPageTest" name="VerifingWithEnteringRatingHeadingandSubmitFormInPDP" time="2.069"/>
  <testcase classname="testScripts.ProductDetailPageTest" name="VerifingWithEnteringRatingHeadingcommentsandSubmitFormInPDP" time="2.088"/>
  <testcase classname="testScripts.ProductDetailPageTest" name="VerifingWithEnteringRatingHeadingcommentnicknamesandSubmitFormInPDP" time="2.091"/>
  <testcase classname="testScripts.ProductDetailPageTest" name="VerifingWriteaReviewFunctionalityInPDP" time="2.078"/>
  <testcase classname="testScripts.ProductDetailPageTest" name="VerifyingYoptoReviesFormInPDP" time="9.401"/>
  <testcase classname="testScripts.ProductDetailPageTest" name="VerifyingYoptoReviesEmptyFormInPDP" time="9.63"/>
  <testcase classname="testScripts.ProductDetailPageTest" name="VerifyingYoptoReviesFormwithStarSelectionInPDP" time="18.718"/>
  <testcase classname="testScripts.ProductDetailPageTest" name="VerifyingYoptoReviesFormwithStarSelectionandTitleInPDP" time="18.009"/>
  <testcase classname="testScripts.ProductDetailPageTest" name="VerifyingYoptoReviesFormwithStarSelection_Title_ContentInPDP" time="18.946"/>
  <testcase classname="testScripts.ProductDetailPageTest" name="VerifyingYoptoReviesFormwithStarSelection_Title_Content_UserNameInPDP" time="20.242"/>
  <testcase classname="testScripts.ProductDetailPageTest" name="VerifyingYoptoReviesValidDetailsandSubmitFormInPDP" time="21.448"/>
  <testcase classname="testScripts.ProductDetailPageTest" name="VerifyingYoptoReviesFiltersInPDP" time="0.025"/>
  <testcase classname="testScripts.ProductDetailPageTest" name="VerifyingYoptoReviesInvalidSearchInPDP" time="4.36"/>
  <testcase classname="testScripts.ProductDetailPageTest" name="VerifyingYoptoReviesValidSearchInPDP" time="4.412"/>
  <testcase classname="testScripts.ProductDetailPageTest" name="VerifyingYoptoReviesClearSearchInPDP" time="13.733"/>
  <testcase classname="testScripts.ProductDetailPageTest" name="VerifyingYoptoReviesRatingFilterInPDP" time="16.557"/>
  <testcase classname="testScripts.ProductDetailPageTest" name="VerifyingYoptoReviesRatingandImagesFilterInPDP" time="30.94"/>
  <testcase classname="testScripts.ProductDetailPageTest" name="VerifyingYoptoReviesFooterInPDP" time="0.073"/>
  <testcase classname="testScripts.ProductDetailPageTest" name="VerifyingYoptoReviesAskaQuestionFormInPDP" time="7.441"/>
  <testcase classname="testScripts.ProductDetailPageTest" name="VerifyingYoptoReviesAskaQuestionEmptyFormInPDP" time="9.335"/>
  <testcase classname="testScripts.ProductDetailPageTest" name="VerifyingYoptoReviesAskaQuestion_Question_FormInPDP" time="10.69"/>
  <testcase classname="testScripts.ProductDetailPageTest" name="VerifyingYoptoReviesAskaQuestion_Question_UserName_FormInPDP" time="11.949"/>
  <testcase classname="testScripts.ProductDetailPageTest" name="VerifyingYoptoReviesAskaQuestionValidDetailsFormInPDP" time="13.016"/>
  <testcase classname="testScripts.BuyNowTest" name="VerifyingPlaceOrderWithBuyNowButton" time="110.509"/>
  <testcase classname="testScripts.BuyNowTest" name="VerifyingPlaceOrderWithBuyNowPopUp" time="73.683"/>
  <testcase classname="testScripts.MiniCartPageTests" name="VerifingRemoveBtnInMiniCart" time="20.655"/>
  <testcase classname="testScripts.MiniCartPageTests" name="VerifingCustomInputInMiniCart" time="79.495"/>
  <testcase classname="testScripts.MiniCartPageTests" name="VerifingCloseBtnInMiniCart" time="7.255"/>
  <testcase classname="testScripts.MiniCartPageTests" name="VerifingViewCartBtnClickInMiniCart" time="21.315"/>
  <testcase classname="testScripts.MiniCartPageTests" name="VerifingCheckOutBtnClickInMiniCart" time="30.427"/>
  <testcase classname="testScripts.ViewCartPageTests" name="VerifingContinueShoppingLinkInViewCart" time="29.3"/>
  <testcase classname="testScripts.ViewCartPageTests" name="VerifingAttributesinEditPOPUpInViewCart" time="62.665"/>
  <testcase classname="testScripts.ViewCartPageTests" name="VerifingCustomInputInEditPOPUPInViewCart" time="0.074">
    <failure type="org.openqa.selenium.ElementNotInteractableException" message="element not interactable
  (Session info: chrome=122.0.6261.94)
Build info: version: &amp;apos;4.16.1&amp;apos;, revision: &amp;apos;9b4c83354e&amp;apos;
System info: os.name: &amp;apos;Windows 10&amp;apos;, os.arch: &amp;apos;amd64&amp;apos;, os.version: &amp;apos;10.0&amp;apos;, java.version: &amp;apos;17.0.7&amp;apos;
Driver info: org.openqa.selenium.chrome.ChromeDriver
Command: [b4f6aff2e330efb0435e57e4011deec5, clearElement {id=f.AAEDEABB573ADAD8F41DFB2280592C31.d.BD924A66BF25FEDA33FF6EE46DB80BFF.e.4640}]
Capabilities {acceptInsecureCerts: false, browserName: chrome, browserVersion: 122.0.6261.94, chrome: {chromedriverVersion: 122.0.6261.94 (880dbf29479c..., userDataDir: C:\Users\UPENDR~1\AppData\L...}, fedcm:accounts: true, goog:chromeOptions: {debuggerAddress: localhost:61945}, networkConnectionEnabled: false, pageLoadStrategy: normal, platformName: windows, proxy: Proxy(), se:cdp: ws://localhost:61945/devtoo..., se:cdpVersion: 122.0.6261.94, setWindowRect: true, strictFileInteractability: false, timeouts: {implicit: 0, pageLoad: 300000, script: 30000}, unhandledPromptBehavior: dismiss and notify, webauthn:extension:credBlob: true, webauthn:extension:largeBlob: true, webauthn:extension:minPinLength: true, webauthn:extension:prf: true, webauthn:virtualAuthenticators: true}
Element: [[ChromeDriver: chrome on windows (b4f6aff2e330efb0435e57e4011deec5)] -&amp;gt; xpath: (//input[@class=&amp;apos;quantity cartCustomQty&amp;apos;])[1]]
Session ID: b4f6aff2e330efb0435e57e4011deec5">
      <![CDATA[org.openqa.selenium.ElementNotInteractableException: element not interactable
  (Session info: chrome=122.0.6261.94)
Build info: version: '4.16.1', revision: '9b4c83354e'
System info: os.name: 'Windows 10', os.arch: 'amd64', os.version: '10.0', java.version: '17.0.7'
Driver info: org.openqa.selenium.chrome.ChromeDriver
Command: [b4f6aff2e330efb0435e57e4011deec5, clearElement {id=f.AAEDEABB573ADAD8F41DFB2280592C31.d.BD924A66BF25FEDA33FF6EE46DB80BFF.e.4640}]
Capabilities {acceptInsecureCerts: false, browserName: chrome, browserVersion: 122.0.6261.94, chrome: {chromedriverVersion: 122.0.6261.94 (880dbf29479c..., userDataDir: C:\Users\UPENDR~1\AppData\L...}, fedcm:accounts: true, goog:chromeOptions: {debuggerAddress: localhost:61945}, networkConnectionEnabled: false, pageLoadStrategy: normal, platformName: windows, proxy: Proxy(), se:cdp: ws://localhost:61945/devtoo..., se:cdpVersion: 122.0.6261.94, setWindowRect: true, strictFileInteractability: false, timeouts: {implicit: 0, pageLoad: 300000, script: 30000}, unhandledPromptBehavior: dismiss and notify, webauthn:extension:credBlob: true, webauthn:extension:largeBlob: true, webauthn:extension:minPinLength: true, webauthn:extension:prf: true, webauthn:virtualAuthenticators: true}
Element: [[ChromeDriver: chrome on windows (b4f6aff2e330efb0435e57e4011deec5)] -> xpath: (//input[@class='quantity cartCustomQty'])[1]]
Session ID: b4f6aff2e330efb0435e57e4011deec5
at org.openqa.selenium.remote.codec.w3c.W3CHttpResponseCodec.createException(W3CHttpResponseCodec.java:200)
at org.openqa.selenium.remote.codec.w3c.W3CHttpResponseCodec.decode(W3CHttpResponseCodec.java:133)
at org.openqa.selenium.remote.codec.w3c.W3CHttpResponseCodec.decode(W3CHttpResponseCodec.java:52)
at org.openqa.selenium.remote.HttpCommandExecutor.execute(HttpCommandExecutor.java:191)
at org.openqa.selenium.remote.service.DriverCommandExecutor.invokeExecute(DriverCommandExecutor.java:200)
at org.openqa.selenium.remote.service.DriverCommandExecutor.execute(DriverCommandExecutor.java:175)
at org.openqa.selenium.remote.RemoteWebDriver.execute(RemoteWebDriver.java:523)
at org.openqa.selenium.remote.RemoteWebElement.execute(RemoteWebElement.java:224)
at org.openqa.selenium.remote.RemoteWebElement.clear(RemoteWebElement.java:130)
at org.openqa.selenium.support.pagefactory.internal.LocatingElementHandler.invoke(LocatingElementHandler.java:51)
at jdk.proxy2/jdk.proxy2.$Proxy17.clear(Unknown Source)
at functionality.Actionsss.clearText(Actionsss.java:112)
at tasks.ViewCartPageTasks.customInputinEditPage(ViewCartPageTasks.java:99)
at testScripts.ViewCartPageTests.VerifingCustomInputInEditPOPUPInViewCart(ViewCartPageTests.java:37)
at java.base/java.util.ArrayList.forEach(ArrayList.java:1511)
... Removed 34 stack frames]]>
    </failure>
  </testcase> <!-- VerifingCustomInputInEditPOPUPInViewCart -->
  <testcase classname="testScripts.ViewCartPageTests" name="VerifingEditPOPUPUpdateBtnInViewCart" time="6.27"/>
  <testcase classname="testScripts.ViewCartPageTests" name="VerifingEditBtnInViewCart" time="7.326">
    <failure type="org.openqa.selenium.NoSuchElementException" message="no such element: Unable to locate element: {&amp;quot;method&amp;quot;:&amp;quot;xpath&amp;quot;,&amp;quot;selector&amp;quot;:&amp;quot;//div[contains(@class, &amp;apos;product-quickview&amp;apos;)]&amp;quot;}
  (Session info: chrome=122.0.6261.94)
For documentation on this error, please visit: https://www.selenium.dev/documentation/webdriver/troubleshooting/errors#no-such-element-exception
Build info: version: &amp;apos;4.16.1&amp;apos;, revision: &amp;apos;9b4c83354e&amp;apos;
System info: os.name: &amp;apos;Windows 10&amp;apos;, os.arch: &amp;apos;amd64&amp;apos;, os.version: &amp;apos;10.0&amp;apos;, java.version: &amp;apos;17.0.7&amp;apos;
Driver info: org.openqa.selenium.chrome.ChromeDriver
Command: [b4f6aff2e330efb0435e57e4011deec5, findElement {using=xpath, value=//div[contains(@class, &amp;apos;product-quickview&amp;apos;)]}]
Capabilities {acceptInsecureCerts: false, browserName: chrome, browserVersion: 122.0.6261.94, chrome: {chromedriverVersion: 122.0.6261.94 (880dbf29479c..., userDataDir: C:\Users\UPENDR~1\AppData\L...}, fedcm:accounts: true, goog:chromeOptions: {debuggerAddress: localhost:61945}, networkConnectionEnabled: false, pageLoadStrategy: normal, platformName: windows, proxy: Proxy(), se:cdp: ws://localhost:61945/devtoo..., se:cdpVersion: 122.0.6261.94, setWindowRect: true, strictFileInteractability: false, timeouts: {implicit: 0, pageLoad: 300000, script: 30000}, unhandledPromptBehavior: dismiss and notify, webauthn:extension:credBlob: true, webauthn:extension:largeBlob: true, webauthn:extension:minPinLength: true, webauthn:extension:prf: true, webauthn:virtualAuthenticators: true}
Session ID: b4f6aff2e330efb0435e57e4011deec5">
      <![CDATA[org.openqa.selenium.NoSuchElementException: no such element: Unable to locate element: {"method":"xpath","selector":"//div[contains(@class, 'product-quickview')]"}
  (Session info: chrome=122.0.6261.94)
For documentation on this error, please visit: https://www.selenium.dev/documentation/webdriver/troubleshooting/errors#no-such-element-exception
Build info: version: '4.16.1', revision: '9b4c83354e'
System info: os.name: 'Windows 10', os.arch: 'amd64', os.version: '10.0', java.version: '17.0.7'
Driver info: org.openqa.selenium.chrome.ChromeDriver
Command: [b4f6aff2e330efb0435e57e4011deec5, findElement {using=xpath, value=//div[contains(@class, 'product-quickview')]}]
Capabilities {acceptInsecureCerts: false, browserName: chrome, browserVersion: 122.0.6261.94, chrome: {chromedriverVersion: 122.0.6261.94 (880dbf29479c..., userDataDir: C:\Users\UPENDR~1\AppData\L...}, fedcm:accounts: true, goog:chromeOptions: {debuggerAddress: localhost:61945}, networkConnectionEnabled: false, pageLoadStrategy: normal, platformName: windows, proxy: Proxy(), se:cdp: ws://localhost:61945/devtoo..., se:cdpVersion: 122.0.6261.94, setWindowRect: true, strictFileInteractability: false, timeouts: {implicit: 0, pageLoad: 300000, script: 30000}, unhandledPromptBehavior: dismiss and notify, webauthn:extension:credBlob: true, webauthn:extension:largeBlob: true, webauthn:extension:minPinLength: true, webauthn:extension:prf: true, webauthn:virtualAuthenticators: true}
Session ID: b4f6aff2e330efb0435e57e4011deec5
at org.openqa.selenium.remote.codec.w3c.W3CHttpResponseCodec.createException(W3CHttpResponseCodec.java:200)
at org.openqa.selenium.remote.codec.w3c.W3CHttpResponseCodec.decode(W3CHttpResponseCodec.java:133)
at org.openqa.selenium.remote.codec.w3c.W3CHttpResponseCodec.decode(W3CHttpResponseCodec.java:52)
at org.openqa.selenium.remote.HttpCommandExecutor.execute(HttpCommandExecutor.java:191)
at org.openqa.selenium.remote.service.DriverCommandExecutor.invokeExecute(DriverCommandExecutor.java:200)
at org.openqa.selenium.remote.service.DriverCommandExecutor.execute(DriverCommandExecutor.java:175)
at org.openqa.selenium.remote.RemoteWebDriver.execute(RemoteWebDriver.java:523)
at org.openqa.selenium.remote.ElementLocation$ElementFinder$2.findElement(ElementLocation.java:165)
at org.openqa.selenium.remote.ElementLocation.findElement(ElementLocation.java:59)
at org.openqa.selenium.remote.RemoteWebDriver.findElement(RemoteWebDriver.java:360)
at org.openqa.selenium.remote.RemoteWebDriver.findElement(RemoteWebDriver.java:354)
at validations.ViewCartPageValidations.VerifyEditBtnClick(ViewCartPageValidations.java:30)
at tasks.ViewCartPageTasks.editBtn(ViewCartPageTasks.java:71)
at testScripts.ViewCartPageTests.VerifingEditBtnInViewCart(ViewCartPageTests.java:25)
at java.base/java.util.ArrayList.forEach(ArrayList.java:1511)
... Removed 32 stack frames]]>
    </failure>
  </testcase> <!-- VerifingEditBtnInViewCart -->
  <testcase classname="testScripts.ViewCartPageTests" name="VerifingEditPOPUPCloseBtnInViewCart" time="7.324">
    <failure type="org.openqa.selenium.NoSuchElementException" message="no such element: Unable to locate element: {&amp;quot;method&amp;quot;:&amp;quot;xpath&amp;quot;,&amp;quot;selector&amp;quot;:&amp;quot;//div[contains(@class, &amp;apos;product-quickview&amp;apos;)]&amp;quot;}
  (Session info: chrome=122.0.6261.94)
For documentation on this error, please visit: https://www.selenium.dev/documentation/webdriver/troubleshooting/errors#no-such-element-exception
Build info: version: &amp;apos;4.16.1&amp;apos;, revision: &amp;apos;9b4c83354e&amp;apos;
System info: os.name: &amp;apos;Windows 10&amp;apos;, os.arch: &amp;apos;amd64&amp;apos;, os.version: &amp;apos;10.0&amp;apos;, java.version: &amp;apos;17.0.7&amp;apos;
Driver info: org.openqa.selenium.chrome.ChromeDriver
Command: [b4f6aff2e330efb0435e57e4011deec5, findElement {using=xpath, value=//div[contains(@class, &amp;apos;product-quickview&amp;apos;)]}]
Capabilities {acceptInsecureCerts: false, browserName: chrome, browserVersion: 122.0.6261.94, chrome: {chromedriverVersion: 122.0.6261.94 (880dbf29479c..., userDataDir: C:\Users\UPENDR~1\AppData\L...}, fedcm:accounts: true, goog:chromeOptions: {debuggerAddress: localhost:61945}, networkConnectionEnabled: false, pageLoadStrategy: normal, platformName: windows, proxy: Proxy(), se:cdp: ws://localhost:61945/devtoo..., se:cdpVersion: 122.0.6261.94, setWindowRect: true, strictFileInteractability: false, timeouts: {implicit: 0, pageLoad: 300000, script: 30000}, unhandledPromptBehavior: dismiss and notify, webauthn:extension:credBlob: true, webauthn:extension:largeBlob: true, webauthn:extension:minPinLength: true, webauthn:extension:prf: true, webauthn:virtualAuthenticators: true}
Session ID: b4f6aff2e330efb0435e57e4011deec5">
      <![CDATA[org.openqa.selenium.NoSuchElementException: no such element: Unable to locate element: {"method":"xpath","selector":"//div[contains(@class, 'product-quickview')]"}
  (Session info: chrome=122.0.6261.94)
For documentation on this error, please visit: https://www.selenium.dev/documentation/webdriver/troubleshooting/errors#no-such-element-exception
Build info: version: '4.16.1', revision: '9b4c83354e'
System info: os.name: 'Windows 10', os.arch: 'amd64', os.version: '10.0', java.version: '17.0.7'
Driver info: org.openqa.selenium.chrome.ChromeDriver
Command: [b4f6aff2e330efb0435e57e4011deec5, findElement {using=xpath, value=//div[contains(@class, 'product-quickview')]}]
Capabilities {acceptInsecureCerts: false, browserName: chrome, browserVersion: 122.0.6261.94, chrome: {chromedriverVersion: 122.0.6261.94 (880dbf29479c..., userDataDir: C:\Users\UPENDR~1\AppData\L...}, fedcm:accounts: true, goog:chromeOptions: {debuggerAddress: localhost:61945}, networkConnectionEnabled: false, pageLoadStrategy: normal, platformName: windows, proxy: Proxy(), se:cdp: ws://localhost:61945/devtoo..., se:cdpVersion: 122.0.6261.94, setWindowRect: true, strictFileInteractability: false, timeouts: {implicit: 0, pageLoad: 300000, script: 30000}, unhandledPromptBehavior: dismiss and notify, webauthn:extension:credBlob: true, webauthn:extension:largeBlob: true, webauthn:extension:minPinLength: true, webauthn:extension:prf: true, webauthn:virtualAuthenticators: true}
Session ID: b4f6aff2e330efb0435e57e4011deec5
at org.openqa.selenium.remote.codec.w3c.W3CHttpResponseCodec.createException(W3CHttpResponseCodec.java:200)
at org.openqa.selenium.remote.codec.w3c.W3CHttpResponseCodec.decode(W3CHttpResponseCodec.java:133)
at org.openqa.selenium.remote.codec.w3c.W3CHttpResponseCodec.decode(W3CHttpResponseCodec.java:52)
at org.openqa.selenium.remote.HttpCommandExecutor.execute(HttpCommandExecutor.java:191)
at org.openqa.selenium.remote.service.DriverCommandExecutor.invokeExecute(DriverCommandExecutor.java:200)
at org.openqa.selenium.remote.service.DriverCommandExecutor.execute(DriverCommandExecutor.java:175)
at org.openqa.selenium.remote.RemoteWebDriver.execute(RemoteWebDriver.java:523)
at org.openqa.selenium.remote.ElementLocation$ElementFinder$2.findElement(ElementLocation.java:165)
at org.openqa.selenium.remote.ElementLocation.findElement(ElementLocation.java:59)
at org.openqa.selenium.remote.RemoteWebDriver.findElement(RemoteWebDriver.java:360)
at org.openqa.selenium.remote.RemoteWebDriver.findElement(RemoteWebDriver.java:354)
at validations.ViewCartPageValidations.VerifyEditBtnClick(ViewCartPageValidations.java:30)
at tasks.ViewCartPageTasks.editBtn(ViewCartPageTasks.java:71)
at tasks.ViewCartPageTasks.editPage(ViewCartPageTasks.java:50)
at tasks.ViewCartPageTasks.closeBtnInEditPOPUP(ViewCartPageTasks.java:75)
at testScripts.ViewCartPageTests.VerifingEditPOPUPCloseBtnInViewCart(ViewCartPageTests.java:43)
at java.base/java.util.ArrayList.forEach(ArrayList.java:1511)
... Removed 31 stack frames]]>
    </failure>
  </testcase> <!-- VerifingEditPOPUPCloseBtnInViewCart -->
  <testcase classname="testScripts.ViewCartPageTests" name="VerifingCustomInputInViewCart" time="1.154">
    <failure type="org.openqa.selenium.ElementNotInteractableException" message="element not interactable
  (Session info: chrome=122.0.6261.94)
Build info: version: &amp;apos;4.16.1&amp;apos;, revision: &amp;apos;9b4c83354e&amp;apos;
System info: os.name: &amp;apos;Windows 10&amp;apos;, os.arch: &amp;apos;amd64&amp;apos;, os.version: &amp;apos;10.0&amp;apos;, java.version: &amp;apos;17.0.7&amp;apos;
Driver info: org.openqa.selenium.chrome.ChromeDriver
Command: [b4f6aff2e330efb0435e57e4011deec5, clearElement {id=f.AAEDEABB573ADAD8F41DFB2280592C31.d.BD924A66BF25FEDA33FF6EE46DB80BFF.e.4640}]
Capabilities {acceptInsecureCerts: false, browserName: chrome, browserVersion: 122.0.6261.94, chrome: {chromedriverVersion: 122.0.6261.94 (880dbf29479c..., userDataDir: C:\Users\UPENDR~1\AppData\L...}, fedcm:accounts: true, goog:chromeOptions: {debuggerAddress: localhost:61945}, networkConnectionEnabled: false, pageLoadStrategy: normal, platformName: windows, proxy: Proxy(), se:cdp: ws://localhost:61945/devtoo..., se:cdpVersion: 122.0.6261.94, setWindowRect: true, strictFileInteractability: false, timeouts: {implicit: 0, pageLoad: 300000, script: 30000}, unhandledPromptBehavior: dismiss and notify, webauthn:extension:credBlob: true, webauthn:extension:largeBlob: true, webauthn:extension:minPinLength: true, webauthn:extension:prf: true, webauthn:virtualAuthenticators: true}
Element: [[ChromeDriver: chrome on windows (b4f6aff2e330efb0435e57e4011deec5)] -&amp;gt; xpath: (//input[@class=&amp;apos;quantity cartCustomQty&amp;apos;])[1]]
Session ID: b4f6aff2e330efb0435e57e4011deec5">
      <![CDATA[org.openqa.selenium.ElementNotInteractableException: element not interactable
  (Session info: chrome=122.0.6261.94)
Build info: version: '4.16.1', revision: '9b4c83354e'
System info: os.name: 'Windows 10', os.arch: 'amd64', os.version: '10.0', java.version: '17.0.7'
Driver info: org.openqa.selenium.chrome.ChromeDriver
Command: [b4f6aff2e330efb0435e57e4011deec5, clearElement {id=f.AAEDEABB573ADAD8F41DFB2280592C31.d.BD924A66BF25FEDA33FF6EE46DB80BFF.e.4640}]
Capabilities {acceptInsecureCerts: false, browserName: chrome, browserVersion: 122.0.6261.94, chrome: {chromedriverVersion: 122.0.6261.94 (880dbf29479c..., userDataDir: C:\Users\UPENDR~1\AppData\L...}, fedcm:accounts: true, goog:chromeOptions: {debuggerAddress: localhost:61945}, networkConnectionEnabled: false, pageLoadStrategy: normal, platformName: windows, proxy: Proxy(), se:cdp: ws://localhost:61945/devtoo..., se:cdpVersion: 122.0.6261.94, setWindowRect: true, strictFileInteractability: false, timeouts: {implicit: 0, pageLoad: 300000, script: 30000}, unhandledPromptBehavior: dismiss and notify, webauthn:extension:credBlob: true, webauthn:extension:largeBlob: true, webauthn:extension:minPinLength: true, webauthn:extension:prf: true, webauthn:virtualAuthenticators: true}
Element: [[ChromeDriver: chrome on windows (b4f6aff2e330efb0435e57e4011deec5)] -> xpath: (//input[@class='quantity cartCustomQty'])[1]]
Session ID: b4f6aff2e330efb0435e57e4011deec5
at org.openqa.selenium.remote.codec.w3c.W3CHttpResponseCodec.createException(W3CHttpResponseCodec.java:200)
at org.openqa.selenium.remote.codec.w3c.W3CHttpResponseCodec.decode(W3CHttpResponseCodec.java:133)
at org.openqa.selenium.remote.codec.w3c.W3CHttpResponseCodec.decode(W3CHttpResponseCodec.java:52)
at org.openqa.selenium.remote.HttpCommandExecutor.execute(HttpCommandExecutor.java:191)
at org.openqa.selenium.remote.service.DriverCommandExecutor.invokeExecute(DriverCommandExecutor.java:200)
at org.openqa.selenium.remote.service.DriverCommandExecutor.execute(DriverCommandExecutor.java:175)
at org.openqa.selenium.remote.RemoteWebDriver.execute(RemoteWebDriver.java:523)
at org.openqa.selenium.remote.RemoteWebElement.execute(RemoteWebElement.java:224)
at org.openqa.selenium.remote.RemoteWebElement.clear(RemoteWebElement.java:130)
at org.openqa.selenium.support.pagefactory.internal.LocatingElementHandler.invoke(LocatingElementHandler.java:51)
at jdk.proxy2/jdk.proxy2.$Proxy17.clear(Unknown Source)
at functionality.Actionsss.clearText(Actionsss.java:112)
at tasks.ViewCartPageTasks.customInput(ViewCartPageTasks.java:128)
at testScripts.ViewCartPageTests.VerifingCustomInputInViewCart(ViewCartPageTests.java:61)
at java.base/java.util.ArrayList.forEach(ArrayList.java:1511)
... Removed 34 stack frames]]>
    </failure>
  </testcase> <!-- VerifingCustomInputInViewCart -->
  <testcase classname="testScripts.ViewCartPageTests" name="VerifingMoveToWishlistLinkInViewCart" time="5.345">
    <failure type="org.openqa.selenium.NoSuchElementException" message="no such element: Unable to locate element: {&amp;quot;method&amp;quot;:&amp;quot;xpath&amp;quot;,&amp;quot;selector&amp;quot;:&amp;quot;//h1[contains(@class, &amp;apos;page-title&amp;apos;)]&amp;quot;}
  (Session info: chrome=122.0.6261.94)
For documentation on this error, please visit: https://www.selenium.dev/documentation/webdriver/troubleshooting/errors#no-such-element-exception
Build info: version: &amp;apos;4.16.1&amp;apos;, revision: &amp;apos;9b4c83354e&amp;apos;
System info: os.name: &amp;apos;Windows 10&amp;apos;, os.arch: &amp;apos;amd64&amp;apos;, os.version: &amp;apos;10.0&amp;apos;, java.version: &amp;apos;17.0.7&amp;apos;
Driver info: org.openqa.selenium.chrome.ChromeDriver
Command: [b4f6aff2e330efb0435e57e4011deec5, findElement {using=xpath, value=//h1[contains(@class, &amp;apos;page-title&amp;apos;)]}]
Capabilities {acceptInsecureCerts: false, browserName: chrome, browserVersion: 122.0.6261.94, chrome: {chromedriverVersion: 122.0.6261.94 (880dbf29479c..., userDataDir: C:\Users\UPENDR~1\AppData\L...}, fedcm:accounts: true, goog:chromeOptions: {debuggerAddress: localhost:61945}, networkConnectionEnabled: false, pageLoadStrategy: normal, platformName: windows, proxy: Proxy(), se:cdp: ws://localhost:61945/devtoo..., se:cdpVersion: 122.0.6261.94, setWindowRect: true, strictFileInteractability: false, timeouts: {implicit: 0, pageLoad: 300000, script: 30000}, unhandledPromptBehavior: dismiss and notify, webauthn:extension:credBlob: true, webauthn:extension:largeBlob: true, webauthn:extension:minPinLength: true, webauthn:extension:prf: true, webauthn:virtualAuthenticators: true}
Session ID: b4f6aff2e330efb0435e57e4011deec5">
      <![CDATA[org.openqa.selenium.NoSuchElementException: no such element: Unable to locate element: {"method":"xpath","selector":"//h1[contains(@class, 'page-title')]"}
  (Session info: chrome=122.0.6261.94)
For documentation on this error, please visit: https://www.selenium.dev/documentation/webdriver/troubleshooting/errors#no-such-element-exception
Build info: version: '4.16.1', revision: '9b4c83354e'
System info: os.name: 'Windows 10', os.arch: 'amd64', os.version: '10.0', java.version: '17.0.7'
Driver info: org.openqa.selenium.chrome.ChromeDriver
Command: [b4f6aff2e330efb0435e57e4011deec5, findElement {using=xpath, value=//h1[contains(@class, 'page-title')]}]
Capabilities {acceptInsecureCerts: false, browserName: chrome, browserVersion: 122.0.6261.94, chrome: {chromedriverVersion: 122.0.6261.94 (880dbf29479c..., userDataDir: C:\Users\UPENDR~1\AppData\L...}, fedcm:accounts: true, goog:chromeOptions: {debuggerAddress: localhost:61945}, networkConnectionEnabled: false, pageLoadStrategy: normal, platformName: windows, proxy: Proxy(), se:cdp: ws://localhost:61945/devtoo..., se:cdpVersion: 122.0.6261.94, setWindowRect: true, strictFileInteractability: false, timeouts: {implicit: 0, pageLoad: 300000, script: 30000}, unhandledPromptBehavior: dismiss and notify, webauthn:extension:credBlob: true, webauthn:extension:largeBlob: true, webauthn:extension:minPinLength: true, webauthn:extension:prf: true, webauthn:virtualAuthenticators: true}
Session ID: b4f6aff2e330efb0435e57e4011deec5
at org.openqa.selenium.remote.codec.w3c.W3CHttpResponseCodec.createException(W3CHttpResponseCodec.java:200)
at org.openqa.selenium.remote.codec.w3c.W3CHttpResponseCodec.decode(W3CHttpResponseCodec.java:133)
at org.openqa.selenium.remote.codec.w3c.W3CHttpResponseCodec.decode(W3CHttpResponseCodec.java:52)
at org.openqa.selenium.remote.HttpCommandExecutor.execute(HttpCommandExecutor.java:191)
at org.openqa.selenium.remote.service.DriverCommandExecutor.invokeExecute(DriverCommandExecutor.java:200)
at org.openqa.selenium.remote.service.DriverCommandExecutor.execute(DriverCommandExecutor.java:175)
at org.openqa.selenium.remote.RemoteWebDriver.execute(RemoteWebDriver.java:523)
at org.openqa.selenium.remote.ElementLocation$ElementFinder$2.findElement(ElementLocation.java:165)
at org.openqa.selenium.remote.ElementLocation.findElement(ElementLocation.java:59)
at org.openqa.selenium.remote.RemoteWebDriver.findElement(RemoteWebDriver.java:360)
at org.openqa.selenium.remote.RemoteWebDriver.findElement(RemoteWebDriver.java:354)
at validations.ViewCartPageValidations.verifyViewCartWishlistLink(ViewCartPageValidations.java:135)
at tasks.ViewCartPageTasks.movetoWishList(ViewCartPageTasks.java:115)
at testScripts.ViewCartPageTests.VerifingMoveToWishlistLinkInViewCart(ViewCartPageTests.java:55)
at java.base/java.util.ArrayList.forEach(ArrayList.java:1511)
... Removed 31 stack frames]]>
    </failure>
  </testcase> <!-- VerifingMoveToWishlistLinkInViewCart -->
  <testcase classname="testScripts.ViewCartPageTests" name="VerifingEmptyPromoCodeInViewCart" time="2.124">
    <failure type="java.lang.NumberFormatException" message="For input string: &amp;quot;&amp;quot;">
      <![CDATA[java.lang.NumberFormatException: For input string: ""
at java.base/java.lang.NumberFormatException.forInputString(NumberFormatException.java:67)
at java.base/java.lang.Integer.parseInt(Integer.java:678)
at java.base/java.lang.Integer.parseInt(Integer.java:786)
at tasks.MiniCartPageTasks.miniCartValue(MiniCartPageTasks.java:26)
at tasks.HomePageTasks.miniCartBtnClick(HomePageTasks.java:100)
at tasks.ViewCartPageTasks.viewCartpage(ViewCartPageTasks.java:38)
at tasks.ViewCartPageTasks.emptyandClickApplyBtn(ViewCartPageTasks.java:141)
at testScripts.ViewCartPageTests.VerifingEmptyPromoCodeInViewCart(ViewCartPageTests.java:73)
at java.base/java.util.ArrayList.forEach(ArrayList.java:1511)
... Removed 27 stack frames]]>
    </failure>
  </testcase> <!-- VerifingEmptyPromoCodeInViewCart -->
  <testcase classname="testScripts.ViewCartPageTests" name="VerifingInvalidPromoCodeInViewCart" time="28.288"/>
  <testcase classname="testScripts.ViewCartPageTests" name="VerifingRemoveInViewCart" time="7.297"/>
  <testcase classname="testScripts.ViewCartPageTests" name="VerifingSelectShippingMethodInViewCart" time="8.212"/>
  <testcase classname="testScripts.ViewCartPageTests" name="VerifingCheckOutBtnClickInViewCart" time="8.308"/>
  <testcase classname="testScripts.CheckOutPageTests" name="VerifingClickonBacktoCartInCheckOutPage" time="10.711"/>
  <testcase classname="testScripts.CheckOutPageTests" name="VerifingProductlinkInCheckOutPage" time="51.884"/>
  <testcase classname="testScripts.CheckOutPageTests" name="VerifingForgotPasswordLinkInCheckOutPage" time="47.362"/>
  <testcase classname="testScripts.CheckOutPageTests" name="VerifingEmptyEmailInPOPUPForgotPasswordInCheckOutPage" time="7.213"/>
  <testcase classname="testScripts.CheckOutPageTests" name="VerifingInvaidEmailInPOPUPForgotPasswordInCheckOutPage" time="10.442"/>
  <testcase classname="testScripts.CheckOutPageTests" name="VerifingValidEmailInPOPUPForgotPasswordInCheckOutPage" time="13.524"/>
  <testcase classname="testScripts.CheckOutPageTests" name="VerifingEmptyEmailandPasswordInCheckOutPage" time="7.323"/>
  <testcase classname="testScripts.CheckOutPageTests" name="VerifingInvalidEmailandEmptyPasswordInCheckOutPage" time="10.559"/>
  <testcase classname="testScripts.CheckOutPageTests" name="VerifingInvalidEmailandInvalidPasswordInCheckOutPage" time="11.611"/>
  <testcase classname="testScripts.CheckOutPageTests" name="VerifingemptyEmailandInvalidPasswordInCheckOutPage" time="10.488"/>
  <testcase classname="testScripts.CheckOutPageTests" name="VerifingValidEmailandPasswordInCheckOutPage" time="26.815"/>
  <testcase classname="testScripts.CheckOutPageTests" name="VerifingSignUpLinkInCheckOutPage" time="118.417"/>
  <testcase classname="testScripts.CheckOutPageTests" name="VerifyingErrorMessagesWithoutEnteringAnyDetailsInCreatingAccOnCheckOutpage" time="7.259"/>
  <testcase classname="testScripts.CheckOutPageTests" name="VerifyingErrorMessagesEnterFNameInCreatingAccOnCheckOutpage" time="12.562"/>
  <testcase classname="testScripts.CheckOutPageTests" name="VerifyingErrorMessagesEnter_FName_LNameInCreatingAccOnCheckOutpage" time="16.728"/>
  <testcase classname="testScripts.CheckOutPageTests" name="VerifyingErrorMessagesEnter_FName_LName_PhoneInCreatingAccOnCheckOutpage" time="17.808"/>
  <testcase classname="testScripts.CheckOutPageTests" name="VerifyingErrorMessagesEnter_FName_LName_Phone_EmailInCreatingAccOnCheckOutpage" time="19.229"/>
  <testcase classname="testScripts.CheckOutPageTests" name="VerifyingErrorMessagesEnter_FName_LName_Phone_Email_CEmailInCreatingAccOnCheckOutpage" time="20.263"/>
  <testcase classname="testScripts.CheckOutPageTests" name="VerifyingErrorMessagesEnter_FName_LName_Phone_Email_CEmail_PWDsInCreatingAccOnCheckOutpage" time="21.484"/>
  <testcase classname="testScripts.CheckOutPageTests" name="VerifyingErrorMessageInvalidPhoneNumberInCreatingAccOnCheckOutpage" time="15.516"/>
  <testcase classname="testScripts.CheckOutPageTests" name="VerifyingErrorMessageMailAlreadyExistsInCreatingAccOnCheckOutpage" time="15.589"/>
  <testcase classname="testScripts.CheckOutPageTests" name="VerifyingErrorMessageEMailMissMatchInCreatingAccOnCheckOutpage" time="15.59"/>
  <testcase classname="testScripts.CheckOutPageTests" name="VerifyingErrorMessagePasswordStrengthInCreatingAccOnCheckOutpage" time="17.472"/>
  <testcase classname="testScripts.CheckOutPageTests" name="VerifyingErrorMessagePasswordMissMatchInCreatingAccOnCheckOutpage" time="15.495"/>
  <testcase classname="testScripts.CheckOutPageTests" name="VerifyingCrateAccountwithValidDetatisOnCheckOutpage" time="20.581"/>
  <testcase classname="testScripts.CheckOutPageTests" name="VerifingClickonGuestCheckoutBtnInCheckOutPage" time="127.586"/>
  <testcase classname="testScripts.CheckOutPageTests" name="VerifingEmptyEmailInputandClickonContinueAsGuestBtnInCheckOutPage" time="8.399"/>
  <testcase classname="testScripts.CheckOutPageTests" name="VerifingInvaidEmailInputandClickonContinueAsGuestBtnInCheckOutPage" time="9.587"/>
  <testcase classname="testScripts.CheckOutPageTests" name="VerifingGuestLoginFuncitonalityInCheckOutPage" time="10.73"/>
  <testcase classname="testScripts.ShippingAddressPageTests" name="VerifyingShippingAddressPageLoadingInShippingPage" time="0.066"/>
  <testcase classname="testScripts.ShippingAddressPageTests" name="VerifyingGetCustomerInformationInShippingAddressPage" time="0.066"/>
  <testcase classname="testScripts.ShippingAddressPageTests" name="VerifyingEditCustomerEmailInShippingAddressPage" time="11.617"/>
  <testcase classname="testScripts.ShippingAddressPageTests" name="VerifyingProductClickInShippingAddressPage" time="9.81"/>
  <testcase classname="testScripts.ShippingAddressPageTests" name="VerifyingBackToCartInShippingAddressPage" time="63.173"/>
  <testcase classname="testScripts.ShippingAddressPageTests" name="VerifyingShippingAddressFormInShippingAddressPage" time="53.26"/>
  <testcase classname="testScripts.ShippingAddressPageTests" name="VerifyingEtgLogoInShippingAddressPage" time="0.078"/>
  <testcase classname="testScripts.ShippingAddressPageTests" name="VerifyingNextPaymentButtonInShippingAddressPage" time="0.065"/>
  <testcase classname="testScripts.ShippingAddressPageTests" name="VerifyingOrderSummeryInShippingAddressPage" time="0.066"/>
  <testcase classname="testScripts.ShippingAddressPageTests" name="VerifyingEmptyFormInShippingAddressPage" time="9.654"/>
  <testcase classname="testScripts.ShippingAddressPageTests" name="VerifyingFirstNameFieldErrorInShippingAddressPage" time="33.167"/>
  <testcase classname="testScripts.ShippingAddressPageTests" name="VerifyingLastNameFieldErrorInShippingAddressPage" time="33.352"/>
  <testcase classname="testScripts.ShippingAddressPageTests" name="VerifyingAddressFieldErrorInShippingAddressPage" time="24.819"/>
  <testcase classname="testScripts.ShippingAddressPageTests" name="VerifyingPhoneNumberFieldErrorInShippingAddressPage" time="33.131"/>
  <testcase classname="testScripts.ShippingAddressPageTests" name="VerifyingValidShippingAddressInShippingAddressPage" time="22.27"/>
  <testcase classname="testScripts.ShippingAddressPageTests" name="VerifyingShippingAddressRegUserInShippingAddressPage" time="48.896"/>
  <testcase classname="testScripts.ShippingAddressPageTests" name="VerifyingValidShippingAddressRegUserInShippingAddressPage" time="75.638"/>
  <testcase classname="testScripts.ShippingAddressPageTests" name="VerifyingUpdateShippingAddressRegUserInShippingAddressPage" time="157.117"/>
  <testcase classname="testScripts.ShippingAddressPageTests" name="VerifyingSelectExistiongShippingAddressRegUserInShippingAddressPage" time="165.477"/>
  <testcase classname="testScripts.PaymentPageGiftCerificationTests" name="VerifyingEmptyGiftInPaymentPage" time="173.8"/>
  <testcase classname="testScripts.PaymentPageGiftCerificationTests" name="VerifyingInvalidGcErrorMsgInPaymentPage" time="9.601"/>
  <testcase classname="testScripts.PaymentPageGiftCerificationTests" name="VerifyingInsufficientGcInPaymentPage" time="9.554"/>
  <testcase classname="testScripts.PaymentPageGiftCerificationTests" name="VerifyingDifferentGcUserInPaymentPage" time="9.507"/>
  <testcase classname="testScripts.PaymentPageGiftCerificationTests" name="VerifyingRemoveGcInPaymentPage" time="6.454"/>
  <testcase classname="testScripts.PaymentPageGiftCerificationTests" name="VerifyingGiftCardsCheckBalanceEmptyInputInPaymentPage" time="7.437"/>
  <testcase classname="testScripts.PaymentPageGiftCerificationTests" name="VerifyingGiftCardsCheckBalanceInvalidInputInPaymentPage" time="10.562"/>
  <testcase classname="testScripts.PaymentPageGiftCerificationTests" name="VerifyingGiftCardsCheckBalanceInsufficientInputInPaymentPage" time="10.472"/>
  <testcase classname="testScripts.PaymentPageGiftCerificationTests" name="VerifyingGiftCardsCheckBalanceValidInputInPaymentPage" time="10.578"/>
  <testcase classname="testScripts.PaymentPageGiftCerificationTests" name="VerifyingSuccesMessageForValidGcApplied" time="11.523"/>
  <testcase classname="testScripts.PaymentPageTests" name="VerifyingTheCustomerInfoInPaymntPage" time="2.101"/>
  <testcase classname="testScripts.PaymentPageTests" name="VerifyingPaginationOfProductsInPaymentPage" time="11.716"/>
  <testcase classname="testScripts.PaymentPageTests" name="VerifyingOrderSummaryDisplayInPaymentPage" time="87.525"/>
  <testcase classname="testScripts.PaymentPageTests" name="VerifyingEtgLogoDisplayInPaymentPage" time="2.121"/>
  <testcase classname="testScripts.PaymentPageTests" name="VerifyingPaymentInfoDisplayInPaymentPage" time="2.136"/>
  <testcase classname="testScripts.PaymentPageTests" name="VerifyingBackToCartInPaymentPage" time="10.512"/>
  <testcase classname="testScripts.PaymentPageTests" name="VerifyingGiftMessage" time="111.631"/>
  <testcase classname="testScripts.PaymentPageTests" name="VerifyingEditCustomerInfoFromPaymentPageAndPlaceOrder" time="156.881"/>
  <testcase classname="testScripts.PaymentPageTests" name="VerifyingUpdateBillingAddressAndPlaceOrder" time="235.53"/>
  <testcase classname="testScripts.PaymentPageTests" name="VerifyingAddNewBillingAddressFromPaymentPageAndPlaceOrder" time="118.73"/>
  <testcase classname="testScripts.PaymentPageTests" name="VerifyingAllTheErrorsInCreditCard" time="98.572">
    <failure type="org.openqa.selenium.NoSuchElementException" message="no such element: Unable to locate element: {&amp;quot;method&amp;quot;:&amp;quot;xpath&amp;quot;,&amp;quot;selector&amp;quot;:&amp;quot;//p[contains(text(),&amp;apos;Please enter valid credit card details.&amp;apos;)]&amp;quot;}
  (Session info: chrome=122.0.6261.94)
For documentation on this error, please visit: https://www.selenium.dev/documentation/webdriver/troubleshooting/errors#no-such-element-exception
Build info: version: &amp;apos;4.16.1&amp;apos;, revision: &amp;apos;9b4c83354e&amp;apos;
System info: os.name: &amp;apos;Windows 10&amp;apos;, os.arch: &amp;apos;amd64&amp;apos;, os.version: &amp;apos;10.0&amp;apos;, java.version: &amp;apos;17.0.7&amp;apos;
Driver info: org.openqa.selenium.chrome.ChromeDriver
Command: [b4f6aff2e330efb0435e57e4011deec5, findElement {using=xpath, value=//p[contains(text(),&amp;apos;Please enter valid credit card details.&amp;apos;)]}]
Capabilities {acceptInsecureCerts: false, browserName: chrome, browserVersion: 122.0.6261.94, chrome: {chromedriverVersion: 122.0.6261.94 (880dbf29479c..., userDataDir: C:\Users\UPENDR~1\AppData\L...}, fedcm:accounts: true, goog:chromeOptions: {debuggerAddress: localhost:61945}, networkConnectionEnabled: false, pageLoadStrategy: normal, platformName: windows, proxy: Proxy(), se:cdp: ws://localhost:61945/devtoo..., se:cdpVersion: 122.0.6261.94, setWindowRect: true, strictFileInteractability: false, timeouts: {implicit: 0, pageLoad: 300000, script: 30000}, unhandledPromptBehavior: dismiss and notify, webauthn:extension:credBlob: true, webauthn:extension:largeBlob: true, webauthn:extension:minPinLength: true, webauthn:extension:prf: true, webauthn:virtualAuthenticators: true}
Session ID: b4f6aff2e330efb0435e57e4011deec5">
      <![CDATA[org.openqa.selenium.NoSuchElementException: no such element: Unable to locate element: {"method":"xpath","selector":"//p[contains(text(),'Please enter valid credit card details.')]"}
  (Session info: chrome=122.0.6261.94)
For documentation on this error, please visit: https://www.selenium.dev/documentation/webdriver/troubleshooting/errors#no-such-element-exception
Build info: version: '4.16.1', revision: '9b4c83354e'
System info: os.name: 'Windows 10', os.arch: 'amd64', os.version: '10.0', java.version: '17.0.7'
Driver info: org.openqa.selenium.chrome.ChromeDriver
Command: [b4f6aff2e330efb0435e57e4011deec5, findElement {using=xpath, value=//p[contains(text(),'Please enter valid credit card details.')]}]
Capabilities {acceptInsecureCerts: false, browserName: chrome, browserVersion: 122.0.6261.94, chrome: {chromedriverVersion: 122.0.6261.94 (880dbf29479c..., userDataDir: C:\Users\UPENDR~1\AppData\L...}, fedcm:accounts: true, goog:chromeOptions: {debuggerAddress: localhost:61945}, networkConnectionEnabled: false, pageLoadStrategy: normal, platformName: windows, proxy: Proxy(), se:cdp: ws://localhost:61945/devtoo..., se:cdpVersion: 122.0.6261.94, setWindowRect: true, strictFileInteractability: false, timeouts: {implicit: 0, pageLoad: 300000, script: 30000}, unhandledPromptBehavior: dismiss and notify, webauthn:extension:credBlob: true, webauthn:extension:largeBlob: true, webauthn:extension:minPinLength: true, webauthn:extension:prf: true, webauthn:virtualAuthenticators: true}
Session ID: b4f6aff2e330efb0435e57e4011deec5
at org.openqa.selenium.remote.codec.w3c.W3CHttpResponseCodec.createException(W3CHttpResponseCodec.java:200)
at org.openqa.selenium.remote.codec.w3c.W3CHttpResponseCodec.decode(W3CHttpResponseCodec.java:133)
at org.openqa.selenium.remote.codec.w3c.W3CHttpResponseCodec.decode(W3CHttpResponseCodec.java:52)
at org.openqa.selenium.remote.HttpCommandExecutor.execute(HttpCommandExecutor.java:191)
at org.openqa.selenium.remote.service.DriverCommandExecutor.invokeExecute(DriverCommandExecutor.java:200)
at org.openqa.selenium.remote.service.DriverCommandExecutor.execute(DriverCommandExecutor.java:175)
at org.openqa.selenium.remote.RemoteWebDriver.execute(RemoteWebDriver.java:523)
at org.openqa.selenium.remote.ElementLocation$ElementFinder$2.findElement(ElementLocation.java:165)
at org.openqa.selenium.remote.ElementLocation.findElement(ElementLocation.java:59)
at org.openqa.selenium.remote.RemoteWebDriver.findElement(RemoteWebDriver.java:360)
at org.openqa.selenium.remote.RemoteWebDriver.findElement(RemoteWebDriver.java:354)
at org.openqa.selenium.support.pagefactory.DefaultElementLocator.findElement(DefaultElementLocator.java:68)
at org.openqa.selenium.support.pagefactory.internal.LocatingElementHandler.invoke(LocatingElementHandler.java:38)
at jdk.proxy2/jdk.proxy2.$Proxy17.isDisplayed(Unknown Source)
at functionality.Actionsss.displayElement(Actionsss.java:198)
at validations.PaymentPageValidation.brainTreeAllPaymentsError(PaymentPageValidation.java:299)
at CreditCardPyament.AllValidationErrorMessagesOfCreditCard.allErrorsInCreditCard(AllValidationErrorMessagesOfCreditCard.java:24)
at tasks.PaymentPageTasks.allErrorsInCreditCard(PaymentPageTasks.java:212)
at testScripts.PaymentPageTests.VerifyingAllTheErrorsInCreditCard(PaymentPageTests.java:76)
at java.base/java.util.ArrayList.forEach(ArrayList.java:1511)
... Removed 31 stack frames]]>
    </failure>
  </testcase> <!-- VerifyingAllTheErrorsInCreditCard -->
  <testcase classname="testScripts.PaymentPageTests" name="VerifyingCvvErrorInCreditCard" time="97.903">
    <failure type="org.openqa.selenium.NoSuchElementException" message="no such element: Unable to locate element: {&amp;quot;method&amp;quot;:&amp;quot;xpath&amp;quot;,&amp;quot;selector&amp;quot;:&amp;quot;//p[contains(text(),&amp;apos;Please enter valid credit card details.&amp;apos;)]&amp;quot;}
  (Session info: chrome=122.0.6261.94)
For documentation on this error, please visit: https://www.selenium.dev/documentation/webdriver/troubleshooting/errors#no-such-element-exception
Build info: version: &amp;apos;4.16.1&amp;apos;, revision: &amp;apos;9b4c83354e&amp;apos;
System info: os.name: &amp;apos;Windows 10&amp;apos;, os.arch: &amp;apos;amd64&amp;apos;, os.version: &amp;apos;10.0&amp;apos;, java.version: &amp;apos;17.0.7&amp;apos;
Driver info: org.openqa.selenium.chrome.ChromeDriver
Command: [b4f6aff2e330efb0435e57e4011deec5, findElement {using=xpath, value=//p[contains(text(),&amp;apos;Please enter valid credit card details.&amp;apos;)]}]
Capabilities {acceptInsecureCerts: false, browserName: chrome, browserVersion: 122.0.6261.94, chrome: {chromedriverVersion: 122.0.6261.94 (880dbf29479c..., userDataDir: C:\Users\UPENDR~1\AppData\L...}, fedcm:accounts: true, goog:chromeOptions: {debuggerAddress: localhost:61945}, networkConnectionEnabled: false, pageLoadStrategy: normal, platformName: windows, proxy: Proxy(), se:cdp: ws://localhost:61945/devtoo..., se:cdpVersion: 122.0.6261.94, setWindowRect: true, strictFileInteractability: false, timeouts: {implicit: 0, pageLoad: 300000, script: 30000}, unhandledPromptBehavior: dismiss and notify, webauthn:extension:credBlob: true, webauthn:extension:largeBlob: true, webauthn:extension:minPinLength: true, webauthn:extension:prf: true, webauthn:virtualAuthenticators: true}
Session ID: b4f6aff2e330efb0435e57e4011deec5">
      <![CDATA[org.openqa.selenium.NoSuchElementException: no such element: Unable to locate element: {"method":"xpath","selector":"//p[contains(text(),'Please enter valid credit card details.')]"}
  (Session info: chrome=122.0.6261.94)
For documentation on this error, please visit: https://www.selenium.dev/documentation/webdriver/troubleshooting/errors#no-such-element-exception
Build info: version: '4.16.1', revision: '9b4c83354e'
System info: os.name: 'Windows 10', os.arch: 'amd64', os.version: '10.0', java.version: '17.0.7'
Driver info: org.openqa.selenium.chrome.ChromeDriver
Command: [b4f6aff2e330efb0435e57e4011deec5, findElement {using=xpath, value=//p[contains(text(),'Please enter valid credit card details.')]}]
Capabilities {acceptInsecureCerts: false, browserName: chrome, browserVersion: 122.0.6261.94, chrome: {chromedriverVersion: 122.0.6261.94 (880dbf29479c..., userDataDir: C:\Users\UPENDR~1\AppData\L...}, fedcm:accounts: true, goog:chromeOptions: {debuggerAddress: localhost:61945}, networkConnectionEnabled: false, pageLoadStrategy: normal, platformName: windows, proxy: Proxy(), se:cdp: ws://localhost:61945/devtoo..., se:cdpVersion: 122.0.6261.94, setWindowRect: true, strictFileInteractability: false, timeouts: {implicit: 0, pageLoad: 300000, script: 30000}, unhandledPromptBehavior: dismiss and notify, webauthn:extension:credBlob: true, webauthn:extension:largeBlob: true, webauthn:extension:minPinLength: true, webauthn:extension:prf: true, webauthn:virtualAuthenticators: true}
Session ID: b4f6aff2e330efb0435e57e4011deec5
at org.openqa.selenium.remote.codec.w3c.W3CHttpResponseCodec.createException(W3CHttpResponseCodec.java:200)
at org.openqa.selenium.remote.codec.w3c.W3CHttpResponseCodec.decode(W3CHttpResponseCodec.java:133)
at org.openqa.selenium.remote.codec.w3c.W3CHttpResponseCodec.decode(W3CHttpResponseCodec.java:52)
at org.openqa.selenium.remote.HttpCommandExecutor.execute(HttpCommandExecutor.java:191)
at org.openqa.selenium.remote.service.DriverCommandExecutor.invokeExecute(DriverCommandExecutor.java:200)
at org.openqa.selenium.remote.service.DriverCommandExecutor.execute(DriverCommandExecutor.java:175)
at org.openqa.selenium.remote.RemoteWebDriver.execute(RemoteWebDriver.java:523)
at org.openqa.selenium.remote.ElementLocation$ElementFinder$2.findElement(ElementLocation.java:165)
at org.openqa.selenium.remote.ElementLocation.findElement(ElementLocation.java:59)
at org.openqa.selenium.remote.RemoteWebDriver.findElement(RemoteWebDriver.java:360)
at org.openqa.selenium.remote.RemoteWebDriver.findElement(RemoteWebDriver.java:354)
at org.openqa.selenium.support.pagefactory.DefaultElementLocator.findElement(DefaultElementLocator.java:68)
at org.openqa.selenium.support.pagefactory.internal.LocatingElementHandler.invoke(LocatingElementHandler.java:38)
at jdk.proxy2/jdk.proxy2.$Proxy17.isDisplayed(Unknown Source)
at functionality.Actionsss.displayElement(Actionsss.java:198)
at validations.PaymentPageValidation.brainTreeAllPaymentsError(PaymentPageValidation.java:299)
at CreditCardPyament.AllValidationErrorMessagesOfCreditCard.creditCvvError(AllValidationErrorMessagesOfCreditCard.java:254)
at tasks.PaymentPageTasks.CreditCardCvvErrorMessage(PaymentPageTasks.java:224)
at testScripts.PaymentPageTests.VerifyingCvvErrorInCreditCard(PaymentPageTests.java:88)
at java.base/java.util.ArrayList.forEach(ArrayList.java:1511)
... Removed 31 stack frames]]>
    </failure>
  </testcase> <!-- VerifyingCvvErrorInCreditCard -->
  <testcase classname="testScripts.PaymentPageTests" name="VerifyingCreditcardNumberInValidError" time="98.907">
    <failure type="org.openqa.selenium.NoSuchElementException" message="no such element: Unable to locate element: {&amp;quot;method&amp;quot;:&amp;quot;xpath&amp;quot;,&amp;quot;selector&amp;quot;:&amp;quot;//p[contains(text(),&amp;apos;Please enter valid credit card details.&amp;apos;)]&amp;quot;}
  (Session info: chrome=122.0.6261.94)
For documentation on this error, please visit: https://www.selenium.dev/documentation/webdriver/troubleshooting/errors#no-such-element-exception
Build info: version: &amp;apos;4.16.1&amp;apos;, revision: &amp;apos;9b4c83354e&amp;apos;
System info: os.name: &amp;apos;Windows 10&amp;apos;, os.arch: &amp;apos;amd64&amp;apos;, os.version: &amp;apos;10.0&amp;apos;, java.version: &amp;apos;17.0.7&amp;apos;
Driver info: org.openqa.selenium.chrome.ChromeDriver
Command: [b4f6aff2e330efb0435e57e4011deec5, findElement {using=xpath, value=//p[contains(text(),&amp;apos;Please enter valid credit card details.&amp;apos;)]}]
Capabilities {acceptInsecureCerts: false, browserName: chrome, browserVersion: 122.0.6261.94, chrome: {chromedriverVersion: 122.0.6261.94 (880dbf29479c..., userDataDir: C:\Users\UPENDR~1\AppData\L...}, fedcm:accounts: true, goog:chromeOptions: {debuggerAddress: localhost:61945}, networkConnectionEnabled: false, pageLoadStrategy: normal, platformName: windows, proxy: Proxy(), se:cdp: ws://localhost:61945/devtoo..., se:cdpVersion: 122.0.6261.94, setWindowRect: true, strictFileInteractability: false, timeouts: {implicit: 0, pageLoad: 300000, script: 30000}, unhandledPromptBehavior: dismiss and notify, webauthn:extension:credBlob: true, webauthn:extension:largeBlob: true, webauthn:extension:minPinLength: true, webauthn:extension:prf: true, webauthn:virtualAuthenticators: true}
Session ID: b4f6aff2e330efb0435e57e4011deec5">
      <![CDATA[org.openqa.selenium.NoSuchElementException: no such element: Unable to locate element: {"method":"xpath","selector":"//p[contains(text(),'Please enter valid credit card details.')]"}
  (Session info: chrome=122.0.6261.94)
For documentation on this error, please visit: https://www.selenium.dev/documentation/webdriver/troubleshooting/errors#no-such-element-exception
Build info: version: '4.16.1', revision: '9b4c83354e'
System info: os.name: 'Windows 10', os.arch: 'amd64', os.version: '10.0', java.version: '17.0.7'
Driver info: org.openqa.selenium.chrome.ChromeDriver
Command: [b4f6aff2e330efb0435e57e4011deec5, findElement {using=xpath, value=//p[contains(text(),'Please enter valid credit card details.')]}]
Capabilities {acceptInsecureCerts: false, browserName: chrome, browserVersion: 122.0.6261.94, chrome: {chromedriverVersion: 122.0.6261.94 (880dbf29479c..., userDataDir: C:\Users\UPENDR~1\AppData\L...}, fedcm:accounts: true, goog:chromeOptions: {debuggerAddress: localhost:61945}, networkConnectionEnabled: false, pageLoadStrategy: normal, platformName: windows, proxy: Proxy(), se:cdp: ws://localhost:61945/devtoo..., se:cdpVersion: 122.0.6261.94, setWindowRect: true, strictFileInteractability: false, timeouts: {implicit: 0, pageLoad: 300000, script: 30000}, unhandledPromptBehavior: dismiss and notify, webauthn:extension:credBlob: true, webauthn:extension:largeBlob: true, webauthn:extension:minPinLength: true, webauthn:extension:prf: true, webauthn:virtualAuthenticators: true}
Session ID: b4f6aff2e330efb0435e57e4011deec5
at org.openqa.selenium.remote.codec.w3c.W3CHttpResponseCodec.createException(W3CHttpResponseCodec.java:200)
at org.openqa.selenium.remote.codec.w3c.W3CHttpResponseCodec.decode(W3CHttpResponseCodec.java:133)
at org.openqa.selenium.remote.codec.w3c.W3CHttpResponseCodec.decode(W3CHttpResponseCodec.java:52)
at org.openqa.selenium.remote.HttpCommandExecutor.execute(HttpCommandExecutor.java:191)
at org.openqa.selenium.remote.service.DriverCommandExecutor.invokeExecute(DriverCommandExecutor.java:200)
at org.openqa.selenium.remote.service.DriverCommandExecutor.execute(DriverCommandExecutor.java:175)
at org.openqa.selenium.remote.RemoteWebDriver.execute(RemoteWebDriver.java:523)
at org.openqa.selenium.remote.ElementLocation$ElementFinder$2.findElement(ElementLocation.java:165)
at org.openqa.selenium.remote.ElementLocation.findElement(ElementLocation.java:59)
at org.openqa.selenium.remote.RemoteWebDriver.findElement(RemoteWebDriver.java:360)
at org.openqa.selenium.remote.RemoteWebDriver.findElement(RemoteWebDriver.java:354)
at org.openqa.selenium.support.pagefactory.DefaultElementLocator.findElement(DefaultElementLocator.java:68)
at org.openqa.selenium.support.pagefactory.internal.LocatingElementHandler.invoke(LocatingElementHandler.java:38)
at jdk.proxy2/jdk.proxy2.$Proxy17.isDisplayed(Unknown Source)
at functionality.Actionsss.displayElement(Actionsss.java:198)
at validations.PaymentPageValidation.brainTreeAllPaymentsError(PaymentPageValidation.java:299)
at CreditCardPyament.AllValidationErrorMessagesOfCreditCard.creditcardNumberInValidError(AllValidationErrorMessagesOfCreditCard.java:55)
at tasks.PaymentPageTasks.creditcardNumberInValidError(PaymentPageTasks.java:229)
at testScripts.PaymentPageTests.VerifyingCreditcardNumberInValidError(PaymentPageTests.java:94)
at java.base/java.util.ArrayList.forEach(ArrayList.java:1511)
... Removed 31 stack frames]]>
    </failure>
  </testcase> <!-- VerifyingCreditcardNumberInValidError -->
  <testcase classname="testScripts.PaymentPageTests" name="VerifyingCreditCardExpDateInValid" time="98.348">
    <failure type="org.openqa.selenium.NoSuchElementException" message="no such element: Unable to locate element: {&amp;quot;method&amp;quot;:&amp;quot;xpath&amp;quot;,&amp;quot;selector&amp;quot;:&amp;quot;//p[contains(text(),&amp;apos;Please enter valid credit card details.&amp;apos;)]&amp;quot;}
  (Session info: chrome=122.0.6261.94)
For documentation on this error, please visit: https://www.selenium.dev/documentation/webdriver/troubleshooting/errors#no-such-element-exception
Build info: version: &amp;apos;4.16.1&amp;apos;, revision: &amp;apos;9b4c83354e&amp;apos;
System info: os.name: &amp;apos;Windows 10&amp;apos;, os.arch: &amp;apos;amd64&amp;apos;, os.version: &amp;apos;10.0&amp;apos;, java.version: &amp;apos;17.0.7&amp;apos;
Driver info: org.openqa.selenium.chrome.ChromeDriver
Command: [b4f6aff2e330efb0435e57e4011deec5, findElement {using=xpath, value=//p[contains(text(),&amp;apos;Please enter valid credit card details.&amp;apos;)]}]
Capabilities {acceptInsecureCerts: false, browserName: chrome, browserVersion: 122.0.6261.94, chrome: {chromedriverVersion: 122.0.6261.94 (880dbf29479c..., userDataDir: C:\Users\UPENDR~1\AppData\L...}, fedcm:accounts: true, goog:chromeOptions: {debuggerAddress: localhost:61945}, networkConnectionEnabled: false, pageLoadStrategy: normal, platformName: windows, proxy: Proxy(), se:cdp: ws://localhost:61945/devtoo..., se:cdpVersion: 122.0.6261.94, setWindowRect: true, strictFileInteractability: false, timeouts: {implicit: 0, pageLoad: 300000, script: 30000}, unhandledPromptBehavior: dismiss and notify, webauthn:extension:credBlob: true, webauthn:extension:largeBlob: true, webauthn:extension:minPinLength: true, webauthn:extension:prf: true, webauthn:virtualAuthenticators: true}
Session ID: b4f6aff2e330efb0435e57e4011deec5">
      <![CDATA[org.openqa.selenium.NoSuchElementException: no such element: Unable to locate element: {"method":"xpath","selector":"//p[contains(text(),'Please enter valid credit card details.')]"}
  (Session info: chrome=122.0.6261.94)
For documentation on this error, please visit: https://www.selenium.dev/documentation/webdriver/troubleshooting/errors#no-such-element-exception
Build info: version: '4.16.1', revision: '9b4c83354e'
System info: os.name: 'Windows 10', os.arch: 'amd64', os.version: '10.0', java.version: '17.0.7'
Driver info: org.openqa.selenium.chrome.ChromeDriver
Command: [b4f6aff2e330efb0435e57e4011deec5, findElement {using=xpath, value=//p[contains(text(),'Please enter valid credit card details.')]}]
Capabilities {acceptInsecureCerts: false, browserName: chrome, browserVersion: 122.0.6261.94, chrome: {chromedriverVersion: 122.0.6261.94 (880dbf29479c..., userDataDir: C:\Users\UPENDR~1\AppData\L...}, fedcm:accounts: true, goog:chromeOptions: {debuggerAddress: localhost:61945}, networkConnectionEnabled: false, pageLoadStrategy: normal, platformName: windows, proxy: Proxy(), se:cdp: ws://localhost:61945/devtoo..., se:cdpVersion: 122.0.6261.94, setWindowRect: true, strictFileInteractability: false, timeouts: {implicit: 0, pageLoad: 300000, script: 30000}, unhandledPromptBehavior: dismiss and notify, webauthn:extension:credBlob: true, webauthn:extension:largeBlob: true, webauthn:extension:minPinLength: true, webauthn:extension:prf: true, webauthn:virtualAuthenticators: true}
Session ID: b4f6aff2e330efb0435e57e4011deec5
at org.openqa.selenium.remote.codec.w3c.W3CHttpResponseCodec.createException(W3CHttpResponseCodec.java:200)
at org.openqa.selenium.remote.codec.w3c.W3CHttpResponseCodec.decode(W3CHttpResponseCodec.java:133)
at org.openqa.selenium.remote.codec.w3c.W3CHttpResponseCodec.decode(W3CHttpResponseCodec.java:52)
at org.openqa.selenium.remote.HttpCommandExecutor.execute(HttpCommandExecutor.java:191)
at org.openqa.selenium.remote.service.DriverCommandExecutor.invokeExecute(DriverCommandExecutor.java:200)
at org.openqa.selenium.remote.service.DriverCommandExecutor.execute(DriverCommandExecutor.java:175)
at org.openqa.selenium.remote.RemoteWebDriver.execute(RemoteWebDriver.java:523)
at org.openqa.selenium.remote.ElementLocation$ElementFinder$2.findElement(ElementLocation.java:165)
at org.openqa.selenium.remote.ElementLocation.findElement(ElementLocation.java:59)
at org.openqa.selenium.remote.RemoteWebDriver.findElement(RemoteWebDriver.java:360)
at org.openqa.selenium.remote.RemoteWebDriver.findElement(RemoteWebDriver.java:354)
at org.openqa.selenium.support.pagefactory.DefaultElementLocator.findElement(DefaultElementLocator.java:68)
at org.openqa.selenium.support.pagefactory.internal.LocatingElementHandler.invoke(LocatingElementHandler.java:38)
at jdk.proxy2/jdk.proxy2.$Proxy17.isDisplayed(Unknown Source)
at functionality.Actionsss.displayElement(Actionsss.java:198)
at validations.PaymentPageValidation.brainTreeAllPaymentsError(PaymentPageValidation.java:299)
at CreditCardPyament.AllValidationErrorMessagesOfCreditCard.creditCardExpMonthInValid(AllValidationErrorMessagesOfCreditCard.java:89)
at tasks.PaymentPageTasks.creditCardExpDateInValid(PaymentPageTasks.java:235)
at testScripts.PaymentPageTests.VerifyingCreditCardExpDateInValid(PaymentPageTests.java:100)
at java.base/java.util.ArrayList.forEach(ArrayList.java:1511)
... Removed 31 stack frames]]>
    </failure>
  </testcase> <!-- VerifyingCreditCardExpDateInValid -->
  <testcase classname="testScripts.PaymentPageTests" name="VerifyingCreditCardNumberInCompleteError" time="98.023">
    <failure type="org.openqa.selenium.NoSuchElementException" message="no such element: Unable to locate element: {&amp;quot;method&amp;quot;:&amp;quot;xpath&amp;quot;,&amp;quot;selector&amp;quot;:&amp;quot;//p[contains(text(),&amp;apos;Please enter valid credit card details.&amp;apos;)]&amp;quot;}
  (Session info: chrome=122.0.6261.94)
For documentation on this error, please visit: https://www.selenium.dev/documentation/webdriver/troubleshooting/errors#no-such-element-exception
Build info: version: &amp;apos;4.16.1&amp;apos;, revision: &amp;apos;9b4c83354e&amp;apos;
System info: os.name: &amp;apos;Windows 10&amp;apos;, os.arch: &amp;apos;amd64&amp;apos;, os.version: &amp;apos;10.0&amp;apos;, java.version: &amp;apos;17.0.7&amp;apos;
Driver info: org.openqa.selenium.chrome.ChromeDriver
Command: [b4f6aff2e330efb0435e57e4011deec5, findElement {using=xpath, value=//p[contains(text(),&amp;apos;Please enter valid credit card details.&amp;apos;)]}]
Capabilities {acceptInsecureCerts: false, browserName: chrome, browserVersion: 122.0.6261.94, chrome: {chromedriverVersion: 122.0.6261.94 (880dbf29479c..., userDataDir: C:\Users\UPENDR~1\AppData\L...}, fedcm:accounts: true, goog:chromeOptions: {debuggerAddress: localhost:61945}, networkConnectionEnabled: false, pageLoadStrategy: normal, platformName: windows, proxy: Proxy(), se:cdp: ws://localhost:61945/devtoo..., se:cdpVersion: 122.0.6261.94, setWindowRect: true, strictFileInteractability: false, timeouts: {implicit: 0, pageLoad: 300000, script: 30000}, unhandledPromptBehavior: dismiss and notify, webauthn:extension:credBlob: true, webauthn:extension:largeBlob: true, webauthn:extension:minPinLength: true, webauthn:extension:prf: true, webauthn:virtualAuthenticators: true}
Session ID: b4f6aff2e330efb0435e57e4011deec5">
      <![CDATA[org.openqa.selenium.NoSuchElementException: no such element: Unable to locate element: {"method":"xpath","selector":"//p[contains(text(),'Please enter valid credit card details.')]"}
  (Session info: chrome=122.0.6261.94)
For documentation on this error, please visit: https://www.selenium.dev/documentation/webdriver/troubleshooting/errors#no-such-element-exception
Build info: version: '4.16.1', revision: '9b4c83354e'
System info: os.name: 'Windows 10', os.arch: 'amd64', os.version: '10.0', java.version: '17.0.7'
Driver info: org.openqa.selenium.chrome.ChromeDriver
Command: [b4f6aff2e330efb0435e57e4011deec5, findElement {using=xpath, value=//p[contains(text(),'Please enter valid credit card details.')]}]
Capabilities {acceptInsecureCerts: false, browserName: chrome, browserVersion: 122.0.6261.94, chrome: {chromedriverVersion: 122.0.6261.94 (880dbf29479c..., userDataDir: C:\Users\UPENDR~1\AppData\L...}, fedcm:accounts: true, goog:chromeOptions: {debuggerAddress: localhost:61945}, networkConnectionEnabled: false, pageLoadStrategy: normal, platformName: windows, proxy: Proxy(), se:cdp: ws://localhost:61945/devtoo..., se:cdpVersion: 122.0.6261.94, setWindowRect: true, strictFileInteractability: false, timeouts: {implicit: 0, pageLoad: 300000, script: 30000}, unhandledPromptBehavior: dismiss and notify, webauthn:extension:credBlob: true, webauthn:extension:largeBlob: true, webauthn:extension:minPinLength: true, webauthn:extension:prf: true, webauthn:virtualAuthenticators: true}
Session ID: b4f6aff2e330efb0435e57e4011deec5
at org.openqa.selenium.remote.codec.w3c.W3CHttpResponseCodec.createException(W3CHttpResponseCodec.java:200)
at org.openqa.selenium.remote.codec.w3c.W3CHttpResponseCodec.decode(W3CHttpResponseCodec.java:133)
at org.openqa.selenium.remote.codec.w3c.W3CHttpResponseCodec.decode(W3CHttpResponseCodec.java:52)
at org.openqa.selenium.remote.HttpCommandExecutor.execute(HttpCommandExecutor.java:191)
at org.openqa.selenium.remote.service.DriverCommandExecutor.invokeExecute(DriverCommandExecutor.java:200)
at org.openqa.selenium.remote.service.DriverCommandExecutor.execute(DriverCommandExecutor.java:175)
at org.openqa.selenium.remote.RemoteWebDriver.execute(RemoteWebDriver.java:523)
at org.openqa.selenium.remote.ElementLocation$ElementFinder$2.findElement(ElementLocation.java:165)
at org.openqa.selenium.remote.ElementLocation.findElement(ElementLocation.java:59)
at org.openqa.selenium.remote.RemoteWebDriver.findElement(RemoteWebDriver.java:360)
at org.openqa.selenium.remote.RemoteWebDriver.findElement(RemoteWebDriver.java:354)
at org.openqa.selenium.support.pagefactory.DefaultElementLocator.findElement(DefaultElementLocator.java:68)
at org.openqa.selenium.support.pagefactory.internal.LocatingElementHandler.invoke(LocatingElementHandler.java:38)
at jdk.proxy2/jdk.proxy2.$Proxy17.isDisplayed(Unknown Source)
at functionality.Actionsss.displayElement(Actionsss.java:198)
at validations.PaymentPageValidation.brainTreeAllPaymentsError(PaymentPageValidation.java:299)
at CreditCardPyament.AllValidationErrorMessagesOfCreditCard.creditCardNumberInCompleteError(AllValidationErrorMessagesOfCreditCard.java:121)
at tasks.PaymentPageTasks.creditCardNumberInCompleteError(PaymentPageTasks.java:241)
at testScripts.PaymentPageTests.VerifyingCreditCardNumberInCompleteError(PaymentPageTests.java:106)
at java.base/java.util.ArrayList.forEach(ArrayList.java:1511)
... Removed 31 stack frames]]>
    </failure>
  </testcase> <!-- VerifyingCreditCardNumberInCompleteError -->
  <testcase classname="testScripts.PaymentPageTests" name="VerifyingCreditCardInCompleteExpYearError" time="97.69">
    <failure type="org.openqa.selenium.NoSuchElementException" message="no such element: Unable to locate element: {&amp;quot;method&amp;quot;:&amp;quot;xpath&amp;quot;,&amp;quot;selector&amp;quot;:&amp;quot;//p[contains(text(),&amp;apos;Please enter valid credit card details.&amp;apos;)]&amp;quot;}
  (Session info: chrome=122.0.6261.94)
For documentation on this error, please visit: https://www.selenium.dev/documentation/webdriver/troubleshooting/errors#no-such-element-exception
Build info: version: &amp;apos;4.16.1&amp;apos;, revision: &amp;apos;9b4c83354e&amp;apos;
System info: os.name: &amp;apos;Windows 10&amp;apos;, os.arch: &amp;apos;amd64&amp;apos;, os.version: &amp;apos;10.0&amp;apos;, java.version: &amp;apos;17.0.7&amp;apos;
Driver info: org.openqa.selenium.chrome.ChromeDriver
Command: [b4f6aff2e330efb0435e57e4011deec5, findElement {using=xpath, value=//p[contains(text(),&amp;apos;Please enter valid credit card details.&amp;apos;)]}]
Capabilities {acceptInsecureCerts: false, browserName: chrome, browserVersion: 122.0.6261.94, chrome: {chromedriverVersion: 122.0.6261.94 (880dbf29479c..., userDataDir: C:\Users\UPENDR~1\AppData\L...}, fedcm:accounts: true, goog:chromeOptions: {debuggerAddress: localhost:61945}, networkConnectionEnabled: false, pageLoadStrategy: normal, platformName: windows, proxy: Proxy(), se:cdp: ws://localhost:61945/devtoo..., se:cdpVersion: 122.0.6261.94, setWindowRect: true, strictFileInteractability: false, timeouts: {implicit: 0, pageLoad: 300000, script: 30000}, unhandledPromptBehavior: dismiss and notify, webauthn:extension:credBlob: true, webauthn:extension:largeBlob: true, webauthn:extension:minPinLength: true, webauthn:extension:prf: true, webauthn:virtualAuthenticators: true}
Session ID: b4f6aff2e330efb0435e57e4011deec5">
      <![CDATA[org.openqa.selenium.NoSuchElementException: no such element: Unable to locate element: {"method":"xpath","selector":"//p[contains(text(),'Please enter valid credit card details.')]"}
  (Session info: chrome=122.0.6261.94)
For documentation on this error, please visit: https://www.selenium.dev/documentation/webdriver/troubleshooting/errors#no-such-element-exception
Build info: version: '4.16.1', revision: '9b4c83354e'
System info: os.name: 'Windows 10', os.arch: 'amd64', os.version: '10.0', java.version: '17.0.7'
Driver info: org.openqa.selenium.chrome.ChromeDriver
Command: [b4f6aff2e330efb0435e57e4011deec5, findElement {using=xpath, value=//p[contains(text(),'Please enter valid credit card details.')]}]
Capabilities {acceptInsecureCerts: false, browserName: chrome, browserVersion: 122.0.6261.94, chrome: {chromedriverVersion: 122.0.6261.94 (880dbf29479c..., userDataDir: C:\Users\UPENDR~1\AppData\L...}, fedcm:accounts: true, goog:chromeOptions: {debuggerAddress: localhost:61945}, networkConnectionEnabled: false, pageLoadStrategy: normal, platformName: windows, proxy: Proxy(), se:cdp: ws://localhost:61945/devtoo..., se:cdpVersion: 122.0.6261.94, setWindowRect: true, strictFileInteractability: false, timeouts: {implicit: 0, pageLoad: 300000, script: 30000}, unhandledPromptBehavior: dismiss and notify, webauthn:extension:credBlob: true, webauthn:extension:largeBlob: true, webauthn:extension:minPinLength: true, webauthn:extension:prf: true, webauthn:virtualAuthenticators: true}
Session ID: b4f6aff2e330efb0435e57e4011deec5
at org.openqa.selenium.remote.codec.w3c.W3CHttpResponseCodec.createException(W3CHttpResponseCodec.java:200)
at org.openqa.selenium.remote.codec.w3c.W3CHttpResponseCodec.decode(W3CHttpResponseCodec.java:133)
at org.openqa.selenium.remote.codec.w3c.W3CHttpResponseCodec.decode(W3CHttpResponseCodec.java:52)
at org.openqa.selenium.remote.HttpCommandExecutor.execute(HttpCommandExecutor.java:191)
at org.openqa.selenium.remote.service.DriverCommandExecutor.invokeExecute(DriverCommandExecutor.java:200)
at org.openqa.selenium.remote.service.DriverCommandExecutor.execute(DriverCommandExecutor.java:175)
at org.openqa.selenium.remote.RemoteWebDriver.execute(RemoteWebDriver.java:523)
at org.openqa.selenium.remote.ElementLocation$ElementFinder$2.findElement(ElementLocation.java:165)
at org.openqa.selenium.remote.ElementLocation.findElement(ElementLocation.java:59)
at org.openqa.selenium.remote.RemoteWebDriver.findElement(RemoteWebDriver.java:360)
at org.openqa.selenium.remote.RemoteWebDriver.findElement(RemoteWebDriver.java:354)
at org.openqa.selenium.support.pagefactory.DefaultElementLocator.findElement(DefaultElementLocator.java:68)
at org.openqa.selenium.support.pagefactory.internal.LocatingElementHandler.invoke(LocatingElementHandler.java:38)
at jdk.proxy2/jdk.proxy2.$Proxy17.isDisplayed(Unknown Source)
at functionality.Actionsss.displayElement(Actionsss.java:198)
at validations.PaymentPageValidation.brainTreeAllPaymentsError(PaymentPageValidation.java:299)
at CreditCardPyament.AllValidationErrorMessagesOfCreditCard.creditCardNumberInCompleteExpYearError(AllValidationErrorMessagesOfCreditCard.java:152)
at tasks.PaymentPageTasks.creditCardInCompleteExpYearError(PaymentPageTasks.java:246)
at testScripts.PaymentPageTests.VerifyingCreditCardInCompleteExpYearError(PaymentPageTests.java:112)
at java.base/java.util.ArrayList.forEach(ArrayList.java:1511)
... Removed 31 stack frames]]>
    </failure>
  </testcase> <!-- VerifyingCreditCardInCompleteExpYearError -->
  <testcase classname="testScripts.PaymentPageTests" name="VerifyingCreditCardInCompleteCvvError" time="98.289">
[...]
  <testcase classname="testScripts.GiftCertificateTest" name="VerifyTheErrorsRecipientEmailAndConfirmEmail" time="11.677"/>
  <testcase classname="testScripts.GiftCertificateTest" name="VerifyErrorsForConfirmMail" time="17.104"/>
  <testcase classname="testScripts.GiftCertificateTest" name="VerifyGiftCardToCart" time="25.406"/>
  <testcase classname="testScripts.ScorcherDealTest" name="VerifyingScorcherProductAddToCart" time="0.035"/>
  <testcase classname="testScripts.ScorcherDealTest" name="VerifyingAddingTheScorcherDealproductFromHomePageAndSameProductFromPdpPageVerifyingThePrice" time="2.114">
    <failure type="org.openqa.selenium.interactions.MoveTargetOutOfBoundsException" message="move target out of bounds
  (Session info: chrome=122.0.6261.94)
Build info: version: &amp;apos;4.16.1&amp;apos;, revision: &amp;apos;9b4c83354e&amp;apos;
System info: os.name: &amp;apos;Windows 10&amp;apos;, os.arch: &amp;apos;amd64&amp;apos;, os.version: &amp;apos;10.0&amp;apos;, java.version: &amp;apos;17.0.7&amp;apos;
Driver info: org.openqa.selenium.chrome.ChromeDriver
Command: [b4f6aff2e330efb0435e57e4011deec5, actions {actions=[org.openqa.selenium.interactions.Sequence@2f2c1387]}]
Capabilities {acceptInsecureCerts: false, browserName: chrome, browserVersion: 122.0.6261.94, chrome: {chromedriverVersion: 122.0.6261.94 (880dbf29479c..., userDataDir: C:\Users\UPENDR~1\AppData\L...}, fedcm:accounts: true, goog:chromeOptions: {debuggerAddress: localhost:61945}, networkConnectionEnabled: false, pageLoadStrategy: normal, platformName: windows, proxy: Proxy(), se:cdp: ws://localhost:61945/devtoo..., se:cdpVersion: 122.0.6261.94, setWindowRect: true, strictFileInteractability: false, timeouts: {implicit: 0, pageLoad: 300000, script: 30000}, unhandledPromptBehavior: dismiss and notify, webauthn:extension:credBlob: true, webauthn:extension:largeBlob: true, webauthn:extension:minPinLength: true, webauthn:extension:prf: true, webauthn:virtualAuthenticators: true}
Session ID: b4f6aff2e330efb0435e57e4011deec5">
      <![CDATA[org.openqa.selenium.interactions.MoveTargetOutOfBoundsException: move target out of bounds
  (Session info: chrome=122.0.6261.94)
Build info: version: '4.16.1', revision: '9b4c83354e'
System info: os.name: 'Windows 10', os.arch: 'amd64', os.version: '10.0', java.version: '17.0.7'
Driver info: org.openqa.selenium.chrome.ChromeDriver
Command: [b4f6aff2e330efb0435e57e4011deec5, actions {actions=[org.openqa.selenium.interactions.Sequence@2f2c1387]}]
Capabilities {acceptInsecureCerts: false, browserName: chrome, browserVersion: 122.0.6261.94, chrome: {chromedriverVersion: 122.0.6261.94 (880dbf29479c..., userDataDir: C:\Users\UPENDR~1\AppData\L...}, fedcm:accounts: true, goog:chromeOptions: {debuggerAddress: localhost:61945}, networkConnectionEnabled: false, pageLoadStrategy: normal, platformName: windows, proxy: Proxy(), se:cdp: ws://localhost:61945/devtoo..., se:cdpVersion: 122.0.6261.94, setWindowRect: true, strictFileInteractability: false, timeouts: {implicit: 0, pageLoad: 300000, script: 30000}, unhandledPromptBehavior: dismiss and notify, webauthn:extension:credBlob: true, webauthn:extension:largeBlob: true, webauthn:extension:minPinLength: true, webauthn:extension:prf: true, webauthn:virtualAuthenticators: true}
Session ID: b4f6aff2e330efb0435e57e4011deec5
at org.openqa.selenium.remote.codec.w3c.W3CHttpResponseCodec.createException(W3CHttpResponseCodec.java:200)
at org.openqa.selenium.remote.codec.w3c.W3CHttpResponseCodec.decode(W3CHttpResponseCodec.java:133)
at org.openqa.selenium.remote.codec.w3c.W3CHttpResponseCodec.decode(W3CHttpResponseCodec.java:52)
at org.openqa.selenium.remote.HttpCommandExecutor.execute(HttpCommandExecutor.java:191)
at org.openqa.selenium.remote.service.DriverCommandExecutor.invokeExecute(DriverCommandExecutor.java:200)
at org.openqa.selenium.remote.service.DriverCommandExecutor.execute(DriverCommandExecutor.java:175)
at org.openqa.selenium.remote.RemoteWebDriver.execute(RemoteWebDriver.java:523)
at org.openqa.selenium.remote.RemoteWebDriver.perform(RemoteWebDriver.java:609)
at org.openqa.selenium.interactions.Actions$BuiltAction.perform(Actions.java:598)
at org.openqa.selenium.interactions.Actions.perform(Actions.java:567)
at functionality.Actionsss.hover(Actionsss.java:27)
at tasks.LogOutTasks.verifyLogout(LogOutTasks.java:16)
at tasks.LoginPageTasks.loginPageView(LoginPageTasks.java:31)
at tasks.LoginPageTasks.verifyThatuserLogin(LoginPageTasks.java:117)
at tasks.ScorcherDealTasks.scorcherDealproductInHomePageAndSameProductFromPdpPage(ScorcherDealTasks.java:36)
at testScripts.ScorcherDealTest.VerifyingAddingTheScorcherDealproductFromHomePageAndSameProductFromPdpPageVerifyingThePrice(ScorcherDealTest.java:17)
at java.base/java.util.ArrayList.forEach(ArrayList.java:1511)
... Removed 32 stack frames]]>
    </failure>
  </testcase> <!-- VerifyingAddingTheScorcherDealproductFromHomePageAndSameProductFromPdpPageVerifyingThePrice -->
  <testcase classname="testScripts.RefreshPageTest" name="VerifyingRefreshingOfPaymentPageAndCheckingTheReviewOrderButtonEnable" time="157.94"/>
  <testcase classname="testScripts.RefreshPageTest" name="VerifyingRefreshingOgReviewOrderPageAndCheckThePaymentDetails" time="23.74"/>
  <testcase classname="baseClass.baseClass" name="@BeforeSuite setUpforReport" time="0.0">
    <ignored/>
  </testcase> <!-- @BeforeSuite setUpforReport -->
  <testcase classname="baseClass.baseClass" name="@BeforeSuite setUpforReport" time="0.0">
    <ignored/>
  </testcase> <!-- @BeforeSuite setUpforReport -->
  <testcase classname="baseClass.baseClass" name="@BeforeSuite setUpforReport" time="0.0">
    <ignored/>
  </testcase> <!-- @BeforeSuite setUpforReport -->
  <testcase classname="testScripts.MyAccountPageTests" name="VerifingMyOrder" time="0.0">
    <ignored/>
  </testcase> <!-- VerifingMyOrder -->
  <testcase classname="baseClass.baseClass" name="@AfterSuite tearDown" time="0.0">
    <ignored/>
  </testcase> <!-- @AfterSuite tearDown -->
  <testcase classname="baseClass.baseClass" name="@AfterSuite tearDown" time="0.0">
    <ignored/>
  </testcase> <!-- @AfterSuite tearDown -->
  <testcase classname="baseClass.baseClass" name="@AfterSuite tearDown" time="0.0">
    <ignored/>
  </testcase> <!-- @AfterSuite tearDown -->
  <testcase classname="testScripts.PaymentPageTests" name="VerifyingBillingPhoneNumberError" time="0.0">
    <ignored/>
  </testcase> <!-- VerifyingBillingPhoneNumberError -->
  <testcase classname="testScripts.MyAccountPageAddressBookTests" name="VerifyingEditAddressPageInMyAccountPage" time="0.0">
    <ignored/>
  </testcase> <!-- VerifyingEditAddressPageInMyAccountPage -->
  <testcase classname="baseClass.baseClass" name="@AfterSuite tearDown" time="0.0">
    <ignored/>
  </testcase> <!-- @AfterSuite tearDown -->
  <testcase classname="baseClass.baseClass" name="@AfterSuite tearDown" time="0.0">
    <ignored/>
  </testcase> <!-- @AfterSuite tearDown -->
  <testcase classname="baseClass.baseClass" name="@AfterSuite tearDown" time="0.0">
    <ignored/>
  </testcase> <!-- @AfterSuite tearDown -->
  <testcase classname="baseClass.baseClass" name="@BeforeSuite setUpforReport" time="0.0">
    <ignored/>
  </testcase> <!-- @BeforeSuite setUpforReport -->
  <testcase classname="baseClass.baseClass" name="@BeforeSuite setUpforReport" time="0.0">
    <ignored/>
  </testcase> <!-- @BeforeSuite setUpforReport -->
  <testcase classname="testScripts.HomePageTests" name="VerifingUserLogOutInHomePage" time="0.0">
    <ignored/>
  </testcase> <!-- VerifingUserLogOutInHomePage -->
  <testcase classname="baseClass.baseClass" name="@AfterSuite tearDown" time="0.0">
    <ignored/>
  </testcase> <!-- @AfterSuite tearDown -->
  <testcase classname="baseClass.baseClass" name="@AfterSuite tearDown" time="0.0">
    <ignored/>
  </testcase> <!-- @AfterSuite tearDown -->
  <testcase classname="baseClass.baseClass" name="@AfterSuite tearDown" time="0.0">
    <ignored/>
  </testcase> <!-- @AfterSuite tearDown -->
  <testcase classname="testScripts.CheckOutPageTests" name="VerifyingErrorMessageInvalidEmailInCreatingAccOnCheckOutpage" time="0.0">
    <ignored/>
  </testcase> <!-- VerifyingErrorMessageInvalidEmailInCreatingAccOnCheckOutpage -->
  <testcase classname="testScripts.PaymentPageTests" name="VerifyingEditShippingAddressFromPaymentPageAndPlaceOrder" time="0.0">
    <ignored/>
  </testcase> <!-- VerifyingEditShippingAddressFromPaymentPageAndPlaceOrder -->
  <testcase classname="baseClass.baseClass" name="@AfterSuite tearDown" time="0.0">
    <ignored/>
  </testcase> <!-- @AfterSuite tearDown -->
  <testcase classname="baseClass.baseClass" name="@BeforeSuite setUpforReport" time="0.0">
    <ignored/>
  </testcase> <!-- @BeforeSuite setUpforReport -->
  <testcase classname="baseClass.baseClass" name="@BeforeSuite setUpforReport" time="0.0">
    <ignored/>
  </testcase> <!-- @BeforeSuite setUpforReport -->
  <testcase classname="baseClass.baseClass" name="@BeforeSuite setUpforReport" time="0.0">
    <ignored/>
  </testcase> <!-- @BeforeSuite setUpforReport -->
  <testcase classname="baseClass.baseClass" name="@AfterSuite tearDown" time="0.0">
    <ignored/>
  </testcase> <!-- @AfterSuite tearDown -->
  <testcase classname="testScripts.ProductListingPageTest" name="VerifingAddtoBagFunctionalityInPLP" time="0.0">
    <ignored/>
  </testcase> <!-- VerifingAddtoBagFunctionalityInPLP -->
  <testcase classname="baseClass.baseClass" name="@BeforeSuite setUpforReport" time="0.0">
    <ignored/>
  </testcase> <!-- @BeforeSuite setUpforReport -->
  <testcase classname="baseClass.baseClass" name="@AfterSuite tearDown" time="0.0">
    <ignored/>
  </testcase> <!-- @AfterSuite tearDown -->
  <testcase classname="baseClass.baseClass" name="@BeforeSuite setUpforReport" time="0.0">
    <ignored/>
  </testcase> <!-- @BeforeSuite setUpforReport -->
  <testcase classname="baseClass.baseClass" name="@AfterSuite tearDown" time="0.0">
    <ignored/>
  </testcase> <!-- @AfterSuite tearDown -->
  <testcase classname="baseClass.baseClass" name="@AfterSuite tearDown" time="0.0">
    <ignored/>
  </testcase> <!-- @AfterSuite tearDown -->
  <testcase classname="testScripts.ReviewOrderTest" name="VerifyingPlaceOrderButtonClickInReviewOrderPage" time="0.0">
    <ignored/>
  </testcase> <!-- VerifyingPlaceOrderButtonClickInReviewOrderPage -->
  <testcase classname="baseClass.baseClass" name="@AfterSuite tearDown" time="0.0">
    <ignored/>
  </testcase> <!-- @AfterSuite tearDown -->
  <testcase classname="baseClass.baseClass" name="@BeforeSuite setUpforReport" time="0.0">
    <ignored/>
  </testcase> <!-- @BeforeSuite setUpforReport -->
  <testcase classname="baseClass.baseClass" name="@BeforeSuite setUpforReport" time="0.0">
    <ignored/>
  </testcase> <!-- @BeforeSuite setUpforReport -->
  <testcase classname="baseClass.baseClass" name="@AfterSuite tearDown" time="0.0">
    <ignored/>
  </testcase> <!-- @AfterSuite tearDown -->
  <testcase classname="testScripts.EditPaymentsFromReviewOrderPageTest" name="verifyingTheEditInPaymentInReviewOrderPageFromCreditCardToCombinationOfGiftCertificateAndCreditCard" time="0.0">
    <ignored/>
  </testcase> <!-- verifyingTheEditInPaymentInReviewOrderPageFromCreditCardToCombinationOfGiftCertificateAndCreditCard -->
  <testcase classname="baseClass.baseClass" name="@AfterSuite tearDown" time="0.0">
    <ignored/>
  </testcase> <!-- @AfterSuite tearDown -->
  <testcase classname="baseClass.baseClass" name="@BeforeSuite setUpforReport" time="0.0">
    <ignored/>
  </testcase> <!-- @BeforeSuite setUpforReport -->
  <testcase classname="testScripts.ProductDetailPageTest" name="VerifingPreviewbuttonCaurosalFunctionalityInPDP" time="0.0">
    <ignored/>
  </testcase> <!-- VerifingPreviewbuttonCaurosalFunctionalityInPDP -->
  <testcase classname="baseClass.baseClass" name="@BeforeSuite setUpforReport" time="0.0">
    <ignored/>
  </testcase> <!-- @BeforeSuite setUpforReport -->
  <testcase classname="baseClass.baseClass" name="@AfterSuite tearDown" time="0.0">
    <ignored/>
  </testcase> <!-- @AfterSuite tearDown -->
  <testcase classname="baseClass.baseClass" name="@AfterSuite tearDown" time="0.0">
    <ignored/>
  </testcase> <!-- @AfterSuite tearDown -->
  <testcase classname="baseClass.baseClass" name="@AfterSuite tearDown" time="0.0">
    <ignored/>
  </testcase> <!-- @AfterSuite tearDown -->
  <testcase classname="baseClass.baseClass" name="@BeforeSuite setUpforReport" time="0.0">
    <ignored/>
  </testcase> <!-- @BeforeSuite setUpforReport -->
  <testcase classname="baseClass.baseClass" name="@AfterSuite tearDown" time="0.0">
    <ignored/>
  </testcase> <!-- @AfterSuite tearDown -->
  <testcase classname="baseClass.baseClass" name="@BeforeSuite setUpforReport" time="0.0">
    <ignored/>
  </testcase> <!-- @BeforeSuite setUpforReport -->
  <testcase classname="baseClass.baseClass" name="@AfterSuite tearDown" time="0.0">
    <ignored/>
  </testcase> <!-- @AfterSuite tearDown -->
  <testcase classname="baseClass.baseClass" name="@AfterSuite tearDown" time="0.0">
    <ignored/>
  </testcase> <!-- @AfterSuite tearDown -->
  <testcase classname="baseClass.baseClass" name="@AfterSuite tearDown" time="0.0">
    <ignored/>
  </testcase> <!-- @AfterSuite tearDown -->
  <testcase classname="baseClass.baseClass" name="@AfterSuite tearDown" time="0.0">
    <ignored/>
  </testcase> <!-- @AfterSuite tearDown -->
  <testcase classname="baseClass.baseClass" name="@BeforeSuite setUpforReport" time="0.0">
    <ignored/>
  </testcase> <!-- @BeforeSuite setUpforReport -->
  <testcase classname="testScripts.PaymentPageTests" name="VerifyingCvvAndExpErrorInCreditCard" time="0.0">
    <ignored/>
  </testcase> <!-- VerifyingCvvAndExpErrorInCreditCard -->
  <testcase classname="baseClass.baseClass" name="@BeforeSuite setUpforReport" time="0.0">
    <ignored/>
  </testcase> <!-- @BeforeSuite setUpforReport -->
  <testcase classname="baseClass.baseClass" name="@AfterSuite tearDown" time="0.0">
    <ignored/>
  </testcase> <!-- @AfterSuite tearDown -->
  <testcase classname="baseClass.baseClass" name="@BeforeSuite setUpforReport" time="0.0">
    <ignored/>
  </testcase> <!-- @BeforeSuite setUpforReport -->
  <testcase classname="baseClass.baseClass" name="@BeforeSuite setUpforReport" time="0.0">
    <ignored/>
  </testcase> <!-- @BeforeSuite setUpforReport -->
  <testcase classname="baseClass.baseClass" name="@AfterSuite tearDown" time="0.0">
    <ignored/>
  </testcase> <!-- @AfterSuite tearDown -->
  <testcase classname="baseClass.baseClass" name="@BeforeSuite setUpforReport" time="0.0">
    <ignored/>
  </testcase> <!-- @BeforeSuite setUpforReport -->
  <testcase classname="testScripts.HomePageTests" name="VerifingUserLoginInHomePage" time="0.0">
    <ignored/>
  </testcase> <!-- VerifingUserLoginInHomePage -->
  <testcase classname="baseClass.baseClass" name="@AfterSuite tearDown" time="0.0">
    <ignored/>
  </testcase> <!-- @AfterSuite tearDown -->
  <testcase classname="baseClass.baseClass" name="@BeforeSuite setUpforReport" time="0.0">
    <ignored/>
  </testcase> <!-- @BeforeSuite setUpforReport -->
  <testcase classname="baseClass.baseClass" name="@BeforeSuite setUpforReport" time="0.0">
    <ignored/>
  </testcase> <!-- @BeforeSuite setUpforReport -->
  <testcase classname="baseClass.baseClass" name="@BeforeSuite setUpforReport" time="0.0">
    <ignored/>
  </testcase> <!-- @BeforeSuite setUpforReport -->
  <testcase classname="baseClass.baseClass" name="@AfterSuite tearDown" time="0.0">
    <ignored/>
  </testcase> <!-- @AfterSuite tearDown -->
  <testcase classname="testScripts.ReviewOrderTest" name="VerifyingBackToCartInReviewOrderPage" time="0.0">
    <ignored/>
  </testcase> <!-- VerifyingBackToCartInReviewOrderPage -->
  <testcase classname="baseClass.baseClass" name="@BeforeSuite setUpforReport" time="0.0">
    <ignored/>
  </testcase> <!-- @BeforeSuite setUpforReport -->
  <testcase classname="testScripts.CheckOutPageTests" name="VerifingClickonLogoInCheckOutPage" time="0.0">
    <ignored/>
  </testcase> <!-- VerifingClickonLogoInCheckOutPage -->
  <testcase classname="testScripts.ClpPageTests" name="VerifingClpPageQuickShopPOP_UP_INCLP" time="0.0">
    <ignored/>
  </testcase> <!-- VerifingClpPageQuickShopPOP_UP_INCLP -->
  <testcase classname="baseClass.baseClass" name="@AfterSuite tearDown" time="0.0">
    <ignored/>
  </testcase> <!-- @AfterSuite tearDown -->
  <testcase classname="baseClass.baseClass" name="@AfterSuite tearDown" time="0.0">
    <ignored/>
  </testcase> <!-- @AfterSuite tearDown -->
  <testcase classname="testScripts.HomePageTests" name="VerifingSearchFunctionalityInHomePage" time="0.0">
    <ignored/>
  </testcase> <!-- VerifingSearchFunctionalityInHomePage -->
  <testcase classname="baseClass.baseClass" name="@BeforeSuite setUpforReport" time="0.0">
    <ignored/>
  </testcase> <!-- @BeforeSuite setUpforReport -->
  <testcase classname="baseClass.baseClass" name="@AfterSuite tearDown" time="0.0">
    <ignored/>
  </testcase> <!-- @AfterSuite tearDown -->
  <testcase classname="baseClass.baseClass" name="@BeforeSuite setUpforReport" time="0.0">
    <ignored/>
  </testcase> <!-- @BeforeSuite setUpforReport -->
  <testcase classname="baseClass.baseClass" name="@BeforeSuite setUpforReport" time="0.0">
    <ignored/>
  </testcase> <!-- @BeforeSuite setUpforReport -->
  <testcase classname="baseClass.baseClass" name="@BeforeSuite setUpforReport" time="0.0">
    <ignored/>
  </testcase> <!-- @BeforeSuite setUpforReport -->
  <testcase classname="baseClass.baseClass" name="@AfterSuite tearDown" time="0.0">
    <ignored/>
  </testcase> <!-- @AfterSuite tearDown -->
  <testcase classname="baseClass.baseClass" name="@BeforeSuite setUpforReport" time="0.0">
    <ignored/>
  </testcase> <!-- @BeforeSuite setUpforReport -->
  <testcase classname="baseClass.baseClass" name="@BeforeSuite setUpforReport" time="0.0">
    <ignored/>
  </testcase> <!-- @BeforeSuite setUpforReport -->
  <testcase classname="baseClass.baseClass" name="@AfterSuite tearDown" time="0.0">
    <ignored/>
  </testcase> <!-- @AfterSuite tearDown -->
  <testcase classname="baseClass.baseClass" name="@BeforeSuite setUpforReport" time="0.0">
    <ignored/>
  </testcase> <!-- @BeforeSuite setUpforReport -->
  <testcase classname="testScripts.ProductDetailPageTest" name="VerifingProductRecommendationsInPDP" time="0.0">
    <ignored/>
  </testcase> <!-- VerifingProductRecommendationsInPDP -->
  <testcase classname="baseClass.baseClass" name="@BeforeSuite setUpforReport" time="0.0">
    <ignored/>
  </testcase> <!-- @BeforeSuite setUpforReport -->
  <testcase classname="baseClass.baseClass" name="@BeforeSuite setUpforReport" time="0.0">
    <ignored/>
  </testcase> <!-- @BeforeSuite setUpforReport -->
  <testcase classname="testScripts.ShippingAddressPageTests" name="VerifingEnteredtheShippingAddressInShippingPage" time="0.0">
    <ignored/>
  </testcase> <!-- VerifingEnteredtheShippingAddressInShippingPage -->
  <testcase classname="baseClass.baseClass" name="@BeforeSuite setUpforReport" time="0.0">
    <ignored/>
  </testcase> <!-- @BeforeSuite setUpforReport -->
  <testcase classname="baseClass.baseClass" name="@AfterSuite tearDown" time="0.0">
    <ignored/>
  </testcase> <!-- @AfterSuite tearDown -->
  <testcase classname="baseClass.baseClass" name="@AfterSuite tearDown" time="0.0">
    <ignored/>
  </testcase> <!-- @AfterSuite tearDown -->
  <testcase classname="baseClass.baseClass" name="@BeforeSuite setUpforReport" time="0.0">
    <ignored/>
  </testcase> <!-- @BeforeSuite setUpforReport -->
</testsuite> <!-- Providio Regression Test -->
