<?xml version="1.0" encoding="UTF-8"?>
<!-- Generated by org.testng.reporters.JUnitXMLReporter -->
<testsuite ignored="33" hostname="Upendra" failures="0" tests="104" name="SmokeTest" time="1736.72" errors="0" timestamp="2024-01-23T16:03:33 IST">
  <testcase classname="browser.launchBrowsering" name="VerifingHomePageLaunching" time="4.867"/>
  <testcase classname="testScripts.CreateAccountPageTest" name="VerifingCreateAccountLinkInLoginPage" time="16.57"/>
  <testcase classname="testScripts.CreateAccountPageTest" name="VerifingEmptyFormInCreateAccountPage" time="5.246"/>
  <testcase classname="testScripts.CreateAccountPageTest" name="VerifyingErrorMessageInvalidPhoneNumberInCreatingAccountPage" time="13.896"/>
  <testcase classname="testScripts.CreateAccountPageTest" name="VerifyingErrorMessageInvalidEmailInCreatingAccountPage" time="17.662"/>
  <testcase classname="testScripts.CreateAccountPageTest" name="VerifyingErrorMessageMailAlreadyExistsInCreatingAccountPage" time="17.864"/>
  <testcase classname="testScripts.CreateAccountPageTest" name="VerifyingErrorMessageEMailMissMatchInCreatingAccountPage" time="17.66"/>
  <testcase classname="testScripts.CreateAccountPageTest" name="VerifyingErrorMessagePasswordMissMatchInCreatingAccountPage" time="17.67"/>
  <testcase classname="testScripts.CreateAccountPageTest" name="VerifyingErrorMessagePasswordStrengthInCreatingAccountPage" time="19.49"/>
  <testcase classname="testScripts.CreateAccountPageTest" name="VerifyingCrateAccountwithValidDetatisOnCreatingAccountPage" time="20.686"/>
  <testcase classname="testScripts.LoginPageTest" name="VerifyingLoginFailureWithEmptyEmailAndPassword" time="43.404"/>
  <testcase classname="testScripts.LoginPageTest" name="VerifyingLoginFailureWithIncorrectCredentials" time="5.645"/>
  <testcase classname="testScripts.LoginPageTest" name="VerifyingLoginFailureWithInvalidEmailFormat" time="3.657"/>
  <testcase classname="testScripts.LoginPageTest" name="VerifyingLoginFailureWithEmptyEmail" time="7.624"/>
  <testcase classname="testScripts.LoginPageTest" name="VerifyingLoginFailureWithEmptyPassword" time="7.645"/>
  <testcase classname="testScripts.LoginPageTest" name="VerifyingLoginWithValidCredentials" time="7.794"/>
  <testcase classname="testScripts.LogOutTest" name="verifyLogout" time="17.854"/>
  <testcase classname="testScripts.HomePageTests" name="VerifingMegaMenuSelectionInHomePage" time="12.512"/>
  <testcase classname="testScripts.HomePageTests" name="VerifingWishListLinkInHomePage" time="11.209"/>
  <testcase classname="testScripts.HomePageTests" name="VerifingSignInLinkInHomePage" time="11.184"/>
  <testcase classname="testScripts.HomePageTests" name="VerifingSearchFunctionalityInHomePage" time="12.958"/>
  <testcase classname="testScripts.HomePageTests" name="VerifingMIniCartBtnClickInHomePage" time="28.207"/>
  <testcase classname="testScripts.FooterSectionTests" name="VerifingGiftCardLinkInFooter" time="9.536"/>
  <testcase classname="testScripts.ContactUsPageTests" name="VerifingContactUsFuncitonalityInContactUs" time="15.197"/>
  <testcase classname="testScripts.ProductListingPageTest" name="VerifingSortByFunctionalityInPLP" time="19.74"/>
  <testcase classname="testScripts.ProductListingPageTest" name="VerifingFiltersFunctionalityInPLP" time="9.171"/>
  <testcase classname="testScripts.ProductListingPageTest" name="VerifingResetFunctionalityInPLP" time="16.419"/>
  <testcase classname="testScripts.ProductListingPageTest" name="VerifingaddToWishListFunctionalityInPLP" time="11.285"/>
  <testcase classname="testScripts.ProductListingPageTest" name="VerifingQuickshopBtnFunctionalityInPLP" time="14.273"/>
  <testcase classname="testScripts.ProductListingPageTest" name="VerifingAttributesInQuickshopModalInPLP" time="7.829"/>
  <testcase classname="testScripts.ProductListingPageTest" name="VerifingCustomInputQuantityInQuickshopModalInPLP" time="5.337"/>
  <testcase classname="testScripts.ProductListingPageTest" name="VerifingCloseBtnInQuickshopModalInPLP" time="5.223"/>
  <testcase classname="testScripts.ProductListingPageTest" name="VerifingViewFullDetailsInQuickshopModalInPLP" time="3.835"/>
  <testcase classname="testScripts.ProductListingPageTest" name="VerifingAddtoCartInQuickshopModalInPLP" time="42.208"/>
  <testcase classname="testScripts.ProductListingPageTest" name="VerifingProductLinkFunctionalityInPLP" time="11.105"/>
  <testcase classname="testScripts.ProductDetailPageTest" name="VerifingWishlistFunctionalityInPDP" time="6.222"/>
  <testcase classname="testScripts.ProductDetailPageTest" name="VerifingAttriubuteSelectionFunctionalityInPDP" time="6.574"/>
  <testcase classname="testScripts.ProductDetailPageTest" name="VerifingbreadCrumbsFunctionalityInPDP" time="6.69"/>
  <testcase classname="testScripts.ProductDetailPageTest" name="VerifingAddtoCartFunctionalityInPDP" time="36.937"/>
  <testcase classname="testScripts.ProductDetailPageTest" name="VerifingNextbuttonCaurosalFunctionalityInPDP" time="3.276"/>
  <testcase classname="testScripts.ProductDetailPageTest" name="VerifingCustomInputFunctionalityInPDP" time="5.442"/>
  <testcase classname="testScripts.ProductDetailPageTest" name="VerifingProductDetailsInPDP" time="0.05"/>
  <testcase classname="testScripts.ProductDetailPageTest" name="VerifingWithoutEnteringDetailsandSubmitTheReivewFormInPDP" time="10.061"/>
  <testcase classname="testScripts.ProductDetailPageTest" name="VerifingWithEnteringRatingandSubmitFormInPDP" time="4.275"/>
  <testcase classname="testScripts.ProductDetailPageTest" name="VerifingWithEnteringRatingHeadingandSubmitFormInPDP" time="5.988"/>
  <testcase classname="testScripts.ProductDetailPageTest" name="VerifingWithEnteringRatingHeadingcommentsandSubmitFormInPDP" time="7.808"/>
  <testcase classname="testScripts.ProductDetailPageTest" name="VerifingWithEnteringRatingHeadingcommentnicknamesandSubmitFormInPDP" time="8.915"/>
  <testcase classname="testScripts.ProductDetailPageTest" name="VerifingWriteaReviewFunctionalityInPDP" time="20.461"/>
  <testcase classname="testScripts.MiniCartPageTests" name="VerifingRemoveBtnInMiniCart" time="20.553"/>
  <testcase classname="testScripts.MiniCartPageTests" name="VerifingCustomInputInMiniCart" time="7.403"/>
  <testcase classname="testScripts.MiniCartPageTests" name="VerifingCloseBtnInMiniCart" time="7.175"/>
  <testcase classname="testScripts.MiniCartPageTests" name="VerifingViewCartBtnClickInMiniCart" time="20.873"/>
  <testcase classname="testScripts.MiniCartPageTests" name="VerifingCheckOutBtnClickInMiniCart" time="29.896"/>
  <testcase classname="testScripts.ViewCartPageTests" name="VerifingContinueShoppingLinkInViewCart" time="29.854"/>
  <testcase classname="testScripts.ViewCartPageTests" name="VerifingAttributesinEditPOPUpInViewCart" time="40.068"/>
  <testcase classname="testScripts.ViewCartPageTests" name="VerifingCustomInputInEditPOPUPInViewCart" time="7.415"/>
  <testcase classname="testScripts.ViewCartPageTests" name="VerifingEditPOPUPUpdateBtnInViewCart" time="6.18"/>
  <testcase classname="testScripts.ViewCartPageTests" name="VerifingEditBtnInViewCart" time="9.249"/>
  <testcase classname="testScripts.ViewCartPageTests" name="VerifingEditPOPUPCloseBtnInViewCart" time="7.177"/>
  <testcase classname="testScripts.ViewCartPageTests" name="VerifingCustomInputInViewCart" time="8.523"/>
  <testcase classname="testScripts.ViewCartPageTests" name="VerifingMoveToWishlistLinkInViewCart" time="7.288"/>
  <testcase classname="testScripts.ViewCartPageTests" name="VerifingEmptyPromoCodeInViewCart" time="25.831"/>
  <testcase classname="testScripts.ViewCartPageTests" name="VerifingInvalidPromoCodeInViewCart" time="6.498"/>
  <testcase classname="testScripts.ViewCartPageTests" name="VerifingRemoveInViewCart" time="7.224"/>
  <testcase classname="testScripts.ViewCartPageTests" name="VerifingSelectShippingMethodInViewCart" time="71.655"/>
  <testcase classname="testScripts.ViewCartPageTests" name="VerifingCheckOutBtnClickInViewCart" time="17.35"/>
  <testcase classname="testScripts.CheckOutPageTests" name="VerifingClickonBacktoCartInCheckOutPage" time="40.002"/>
  <testcase classname="testScripts.CheckOutPageTests" name="VerifingProductlinkInCheckOutPage" time="23.287"/>
  <testcase classname="testScripts.CheckOutPageTests" name="VerifingEmptyEmailandPasswordInCheckOutPage" time="38.535"/>
  <testcase classname="testScripts.CheckOutPageTests" name="VerifingInvalidEmailandEmptyPasswordInCheckOutPage" time="10.424"/>
  <testcase classname="testScripts.CheckOutPageTests" name="VerifingInvalidEmailandInvalidPasswordInCheckOutPage" time="11.633"/>
  <testcase classname="testScripts.CheckOutPageTests" name="VerifingemptyEmailandInvalidPasswordInCheckOutPage" time="10.53"/>
  <testcase classname="testScripts.CheckOutPageTests" name="VerifingValidEmailandPasswordInCheckOutPage" time="27.323"/>
  <testcase classname="testScripts.CheckOutPageTests" name="VerifingForgotPasswordLinkInCheckOutPage" time="97.128"/>
  <testcase classname="testScripts.CheckOutPageTests" name="VerifingEmptyEmailInPOPUPForgotPasswordInCheckOutPage" time="5.175"/>
  <testcase classname="testScripts.CheckOutPageTests" name="VerifingInvaidEmailInPOPUPForgotPasswordInCheckOutPage" time="6.324"/>
  <testcase classname="testScripts.CheckOutPageTests" name="VerifingValidEmailInPOPUPForgotPasswordInCheckOutPage" time="13.481"/>
  <testcase classname="testScripts.CheckOutPageTests" name="VerifingSignUpLinkInCheckOutPage" time="9.221"/>
  <testcase classname="testScripts.CheckOutPageTests" name="VerifyingErrorMessagesWithoutEnteringAnyDetailsInCreatingAccOnCheckOutpage" time="3.19"/>
  <testcase classname="testScripts.CheckOutPageTests" name="VerifyingErrorMessageInvalidPhoneNumberInCreatingAccOnCheckOutpage" time="11.85"/>
  <testcase classname="testScripts.CheckOutPageTests" name="VerifyingErrorMessageMailAlreadyExistsInCreatingAccOnCheckOutpage" time="15.702"/>
  <testcase classname="testScripts.CheckOutPageTests" name="VerifyingErrorMessageEMailMissMatchInCreatingAccOnCheckOutpage" time="15.797"/>
  <testcase classname="testScripts.CheckOutPageTests" name="VerifyingErrorMessagePasswordStrengthInCreatingAccOnCheckOutpage" time="17.763"/>
  <testcase classname="testScripts.CheckOutPageTests" name="VerifyingErrorMessagePasswordMissMatchInCreatingAccOnCheckOutpage" time="15.901"/>
  <testcase classname="testScripts.CheckOutPageTests" name="VerifyingCrateAccountwithValidDetatisOnCheckOutpage" time="31.246"/>
  <testcase classname="testScripts.CheckOutPageTests" name="VerifingClickonGuestCheckoutBtnInCheckOutPage" time="91.96"/>
  <testcase classname="testScripts.CheckOutPageTests" name="VerifingEmptyEmailInputandClickonContinueAsGuestBtnInCheckOutPage" time="6.355"/>
  <testcase classname="testScripts.CheckOutPageTests" name="VerifingInvaidEmailInputandClickonContinueAsGuestBtnInCheckOutPage" time="7.531"/>
  <testcase classname="testScripts.CheckOutPageTests" name="VerifingGuestLoginFuncitonalityInCheckOutPage" time="20.798"/>
  <testcase classname="testScripts.ShippingAddressPageTests" name="VerifyingShippingAddressPageLoadingInShippingPage" time="46.206"/>
  <testcase classname="testScripts.ShippingAddressPageTests" name="VerifyingGetCustomerInformationInShippingAddressPage" time="0.078"/>
  <testcase classname="testScripts.ShippingAddressPageTests" name="VerifyingEditCustomerEmailInShippingAddressPage" time="11.662"/>
  <testcase classname="testScripts.ShippingAddressPageTests" name="VerifyingProductClickInShippingAddressPage" time="10.02"/>
  <testcase classname="testScripts.ShippingAddressPageTests" name="VerifyingBackToCartInShippingAddressPage" time="55.937"/>
  <testcase classname="testScripts.ShippingAddressPageTests" name="VerifyingShippingAddressFormInShippingAddressPage" time="24.534"/>
  <testcase classname="testScripts.ShippingAddressPageTests" name="VerifyingEtgLogoInShippingAddressPage" time="0.082"/>
  <testcase classname="testScripts.ShippingAddressPageTests" name="VerifyingNextPaymentButtonInShippingAddressPage" time="0.105"/>
  <testcase classname="testScripts.ShippingAddressPageTests" name="VerifyingOrderSummeryInShippingAddressPage" time="0.062"/>
  <testcase classname="testScripts.ShippingAddressPageTests" name="VerifyingEmptyFormInShippingAddressPage" time="2.511"/>
  <testcase classname="testScripts.ShippingAddressPageTests" name="VerifyingFirstNameFieldErrorInShippingAddressPage" time="10.099"/>
  <testcase classname="testScripts.ShippingAddressPageTests" name="VerifyingLastNameFieldErrorInShippingAddressPage" time="15.134"/>
  <testcase classname="testScripts.ShippingAddressPageTests" name="VerifyingAddressFieldErrorInShippingAddressPage" time="14.043"/>
  <testcase classname="testScripts.ShippingAddressPageTests" name="VerifyingPhoneNumberFieldErrorInShippingAddressPage" time="14.112"/>
  <testcase classname="testScripts.ShippingAddressPageTests" name="VerifyingValidShippingAddressInShippingAddressPage" time="27.566"/>
  <testcase classname="testScripts.ProductDetailPageTest" name="VerifingProductRecommendationsInPDP" time="0.0">
    <ignored/>
  </testcase> <!-- VerifingProductRecommendationsInPDP -->
  <testcase classname="testScripts.CheckOutPageTests" name="VerifingClickonLogoInCheckOutPage" time="0.0">
    <ignored/>
  </testcase> <!-- VerifingClickonLogoInCheckOutPage -->
  <testcase classname="com.providio.testcases.baseClass" name="@BeforeSuite setUpforReport" time="0.0">
    <ignored/>
  </testcase> <!-- @BeforeSuite setUpforReport -->
  <testcase classname="com.providio.testcases.baseClass" name="@AfterSuite tearDown" time="0.0">
    <ignored/>
  </testcase> <!-- @AfterSuite tearDown -->
  <testcase classname="com.providio.testcases.baseClass" name="@BeforeSuite setUpforReport" time="0.0">
    <ignored/>
  </testcase> <!-- @BeforeSuite setUpforReport -->
  <testcase classname="com.providio.testcases.baseClass" name="@AfterSuite tearDown" time="0.0">
    <ignored/>
  </testcase> <!-- @AfterSuite tearDown -->
  <testcase classname="com.providio.testcases.baseClass" name="@AfterSuite tearDown" time="0.0">
    <ignored/>
  </testcase> <!-- @AfterSuite tearDown -->
  <testcase classname="com.providio.testcases.baseClass" name="@AfterSuite tearDown" time="0.0">
    <ignored/>
  </testcase> <!-- @AfterSuite tearDown -->
  <testcase classname="com.providio.testcases.baseClass" name="@AfterSuite tearDown" time="0.0">
    <ignored/>
  </testcase> <!-- @AfterSuite tearDown -->
  <testcase classname="com.providio.testcases.baseClass" name="@BeforeSuite setUpforReport" time="0.0">
    <ignored/>
  </testcase> <!-- @BeforeSuite setUpforReport -->
  <testcase classname="com.providio.testcases.baseClass" name="@BeforeSuite setUpforReport" time="0.0">
    <ignored/>
  </testcase> <!-- @BeforeSuite setUpforReport -->
  <testcase classname="testScripts.ProductListingPageTest" name="VerifingAddtoBagFunctionalityInPLP" time="0.0">
    <ignored/>
  </testcase> <!-- VerifingAddtoBagFunctionalityInPLP -->
  <testcase classname="com.providio.testcases.baseClass" name="@AfterSuite tearDown" time="0.0">
    <ignored/>
  </testcase> <!-- @AfterSuite tearDown -->
  <testcase classname="com.providio.testcases.baseClass" name="@BeforeSuite setUpforReport" time="0.0">
    <ignored/>
  </testcase> <!-- @BeforeSuite setUpforReport -->
  <testcase classname="com.providio.testcases.baseClass" name="@BeforeSuite setUpforReport" time="0.0">
    <ignored/>
  </testcase> <!-- @BeforeSuite setUpforReport -->
  <testcase classname="com.providio.testcases.baseClass" name="@AfterSuite tearDown" time="0.0">
    <ignored/>
  </testcase> <!-- @AfterSuite tearDown -->
  <testcase classname="com.providio.testcases.baseClass" name="@AfterSuite tearDown" time="0.0">
    <ignored/>
  </testcase> <!-- @AfterSuite tearDown -->
  <testcase classname="com.providio.testcases.baseClass" name="@BeforeSuite setUpforReport" time="0.0">
    <ignored/>
  </testcase> <!-- @BeforeSuite setUpforReport -->
  <testcase classname="com.providio.testcases.baseClass" name="@BeforeSuite setUpforReport" time="0.0">
    <ignored/>
  </testcase> <!-- @BeforeSuite setUpforReport -->
  <testcase classname="testScripts.ProductDetailPageTest" name="VerifingPreviewbuttonCaurosalFunctionalityInPDP" time="0.0">
    <ignored/>
  </testcase> <!-- VerifingPreviewbuttonCaurosalFunctionalityInPDP -->
  <testcase classname="com.providio.testcases.baseClass" name="@AfterSuite tearDown" time="0.0">
    <ignored/>
  </testcase> <!-- @AfterSuite tearDown -->
  <testcase classname="testScripts.CheckOutPageTests" name="VerifyingErrorMessageInvalidEmailInCreatingAccOnCheckOutpage" time="0.0">
    <ignored/>
  </testcase> <!-- VerifyingErrorMessageInvalidEmailInCreatingAccOnCheckOutpage -->
  <testcase classname="testScripts.ShippingAddressPageTests" name="VerifingEnteredtheShippingAddressInShippingPage" time="0.0">
    <ignored/>
  </testcase> <!-- VerifingEnteredtheShippingAddressInShippingPage -->
  <testcase classname="com.providio.testcases.baseClass" name="@AfterSuite tearDown" time="0.0">
    <ignored/>
  </testcase> <!-- @AfterSuite tearDown -->
  <testcase classname="testScripts.HomePageTests" name="VerifingUserLoginInHomePage" time="0.0">
    <ignored/>
  </testcase> <!-- VerifingUserLoginInHomePage -->
  <testcase classname="com.providio.testcases.baseClass" name="@AfterSuite tearDown" time="0.0">
    <ignored/>
  </testcase> <!-- @AfterSuite tearDown -->
  <testcase classname="testScripts.ProductListingPageTest" name="VerifingBreadCrumbsFunctionalityInPLP" time="0.0">
    <ignored/>
  </testcase> <!-- VerifingBreadCrumbsFunctionalityInPLP -->
  <testcase classname="testScripts.HomePageTests" name="VerifingUserLogOutInHomePage" time="0.0">
    <ignored/>
  </testcase> <!-- VerifingUserLogOutInHomePage -->
  <testcase classname="com.providio.testcases.baseClass" name="@AfterSuite tearDown" time="0.0">
    <ignored/>
  </testcase> <!-- @AfterSuite tearDown -->
  <testcase classname="com.providio.testcases.baseClass" name="@BeforeSuite setUpforReport" time="0.0">
    <ignored/>
  </testcase> <!-- @BeforeSuite setUpforReport -->
  <testcase classname="com.providio.testcases.baseClass" name="@BeforeSuite setUpforReport" time="0.0">
    <ignored/>
  </testcase> <!-- @BeforeSuite setUpforReport -->
  <testcase classname="com.providio.testcases.baseClass" name="@BeforeSuite setUpforReport" time="0.0">
    <ignored/>
  </testcase> <!-- @BeforeSuite setUpforReport -->
  <testcase classname="com.providio.testcases.baseClass" name="@BeforeSuite setUpforReport" time="0.0">
    <ignored/>
  </testcase> <!-- @BeforeSuite setUpforReport -->
</testsuite> <!-- SmokeTest -->
